[    0.000000] Initializing cgroup subsys cpuset
[    0.000000] Initializing cgroup subsys cpu
[    0.000000] Initializing cgroup subsys cpuacct
[    0.000000] Linux version 4.4.0-193-generic (buildd@lgw01-amd64-024) (gcc version 5.4.0 20160609 (Ubuntu 5.4.0-6ubuntu1~16.04.12) ) #224-Ubuntu SMP Tue Oct 6 17:15:28 UTC 2020 (Ubuntu 4.4.0-193.224-generic 4.4.236)
[    0.000000] Command line: BOOT_IMAGE=/boot/vmlinuz-4.4.0-193-generic root=LABEL=cloudimg-rootfs ro console=tty1 console=ttyS0
[    0.000000] KERNEL supported cpus:
[    0.000000]   Intel GenuineIntel
[    0.000000]   AMD AuthenticAMD
[    0.000000]   Centaur CentaurHauls
[    0.000000] x86/fpu: xstate_offset[2]:  576, xstate_sizes[2]:  256
[    0.000000] x86/fpu: Supporting XSAVE feature 0x01: 'x87 floating point registers'
[    0.000000] x86/fpu: Supporting XSAVE feature 0x02: 'SSE registers'
[    0.000000] x86/fpu: Supporting XSAVE feature 0x04: 'AVX registers'
[    0.000000] x86/fpu: Enabled xstate features 0x7, context size is 832 bytes, using 'standard' format.
[    0.000000] e820: BIOS-provided physical RAM map:
[    0.000000] BIOS-e820: [mem 0x0000000000000000-0x000000000009fbff] usable
[    0.000000] BIOS-e820: [mem 0x000000000009fc00-0x000000000009ffff] reserved
[    0.000000] BIOS-e820: [mem 0x00000000000f0000-0x00000000000fffff] reserved
[    0.000000] BIOS-e820: [mem 0x0000000000100000-0x000000003ffeffff] usable
[    0.000000] BIOS-e820: [mem 0x000000003fff0000-0x000000003fffffff] ACPI data
[    0.000000] BIOS-e820: [mem 0x00000000fec00000-0x00000000fec00fff] reserved
[    0.000000] BIOS-e820: [mem 0x00000000fee00000-0x00000000fee00fff] reserved
[    0.000000] BIOS-e820: [mem 0x00000000fffc0000-0x00000000ffffffff] reserved
[    0.000000] NX (Execute Disable) protection: active
[    0.000000] SMBIOS 2.5 present.
[    0.000000] Hypervisor detected: KVM
[    0.000000] e820: last_pfn = 0x3fff0 max_arch_pfn = 0x400000000
[    0.000000] MTRR: Disabled
[    0.000000] x86/PAT: MTRRs disabled, skipping PAT initialization too.
[    0.000000] CPU MTRRs all blank - virtualized system.
[    0.000000] x86/PAT: Configuration [0-7]: WB  WT  UC- UC  WB  WT  UC- UC  
[    0.000000] found SMP MP-table at [mem 0x0009fff0-0x0009ffff] mapped at [ffff88000009fff0]
[    0.000000] Scanning 1 areas for low memory corruption
[    0.000000] RAMDISK: [mem 0x362de000-0x37166fff]
[    0.000000] ACPI: Early table checksum verification disabled
[    0.000000] ACPI: RSDP 0x00000000000E0000 000024 (v02 VBOX  )
[    0.000000] ACPI: XSDT 0x000000003FFF0030 00003C (v01 VBOX   VBOXXSDT 00000001 ASL  00000061)
[    0.000000] ACPI: FACP 0x000000003FFF00F0 0000F4 (v04 VBOX   VBOXFACP 00000001 ASL  00000061)
[    0.000000] ACPI: DSDT 0x000000003FFF0470 002325 (v02 VBOX   VBOXBIOS 00000002 INTL 20190509)
[    0.000000] ACPI: FACS 0x000000003FFF0200 000040
[    0.000000] ACPI: FACS 0x000000003FFF0200 000040
[    0.000000] ACPI: APIC 0x000000003FFF0240 00005C (v02 VBOX   VBOXAPIC 00000001 ASL  00000061)
[    0.000000] ACPI: SSDT 0x000000003FFF02A0 0001CC (v01 VBOX   VBOXCPUT 00000002 INTL 20190509)
[    0.000000] No NUMA configuration found
[    0.000000] Faking a node at [mem 0x0000000000000000-0x000000003ffeffff]
[    0.000000] NODE_DATA(0) allocated [mem 0x3ffeb000-0x3ffeffff]
[    0.000000] kvm-clock: Using msrs 4b564d01 and 4b564d00
[    0.000000] kvm-clock: cpu 0, msr 0:3ffe3001, primary cpu clock
[    0.000000] kvm-clock: using sched offset of 3058966743 cycles
[    0.000000] clocksource: kvm-clock: mask: 0xffffffffffffffff max_cycles: 0x1cd42e4dffb, max_idle_ns: 881590591483 ns
[    0.000000] Zone ranges:
[    0.000000]   DMA      [mem 0x0000000000001000-0x0000000000ffffff]
[    0.000000]   DMA32    [mem 0x0000000001000000-0x000000003ffeffff]
[    0.000000]   Normal   empty
[    0.000000]   Device   empty
[    0.000000] Movable zone start for each node
[    0.000000] Early memory node ranges
[    0.000000]   node   0: [mem 0x0000000000001000-0x000000000009efff]
[    0.000000]   node   0: [mem 0x0000000000100000-0x000000003ffeffff]
[    0.000000] Initmem setup node 0 [mem 0x0000000000001000-0x000000003ffeffff]
[    0.000000] ACPI: PM-Timer IO Port: 0x4008
[    0.000000] IOAPIC[0]: apic_id 2, version 32, address 0xfec00000, GSI 0-23
[    0.000000] ACPI: INT_SRC_OVR (bus 0 bus_irq 0 global_irq 2 dfl dfl)
[    0.000000] ACPI: INT_SRC_OVR (bus 0 bus_irq 9 global_irq 9 low level)
[    0.000000] Using ACPI (MADT) for SMP configuration information
[    0.000000] smpboot: Allowing 2 CPUs, 0 hotplug CPUs
[    0.000000] PM: Registered nosave memory: [mem 0x00000000-0x00000fff]
[    0.000000] PM: Registered nosave memory: [mem 0x0009f000-0x0009ffff]
[    0.000000] PM: Registered nosave memory: [mem 0x000a0000-0x000effff]
[    0.000000] PM: Registered nosave memory: [mem 0x000f0000-0x000fffff]
[    0.000000] e820: [mem 0x40000000-0xfebfffff] available for PCI devices
[    0.000000] Booting paravirtualized kernel on KVM
[    0.000000] clocksource: refined-jiffies: mask: 0xffffffff max_cycles: 0xffffffff, max_idle_ns: 7645519600211568 ns
[    0.000000] setup_percpu: NR_CPUS:512 nr_cpumask_bits:512 nr_cpu_ids:2 nr_node_ids:1
[    0.000000] PERCPU: Embedded 33 pages/cpu @ffff88003fc00000 s95512 r8192 d31464 u1048576
[    0.000000] Built 1 zonelists in Node order, mobility grouping on.  Total pages: 257912
[    0.000000] Policy zone: DMA32
[    0.000000] Kernel command line: BOOT_IMAGE=/boot/vmlinuz-4.4.0-193-generic root=LABEL=cloudimg-rootfs ro console=tty1 console=ttyS0
[    0.000000] PID hash table entries: 4096 (order: 3, 32768 bytes)
[    0.000000] Memory: 997660K/1048120K available (8640K kernel code, 1337K rwdata, 4040K rodata, 1492K init, 1296K bss, 50460K reserved, 0K cma-reserved)
[    0.000000] SLUB: HWalign=64, Order=0-3, MinObjects=0, CPUs=2, Nodes=1
[    0.000000] Kernel/User page tables isolation: enabled
[    0.000000] Hierarchical RCU implementation.
[    0.000000] 	Build-time adjustment of leaf fanout to 64.
[    0.000000] 	RCU restricting CPUs from NR_CPUS=512 to nr_cpu_ids=2.
[    0.000000] RCU: Adjusting geometry for rcu_fanout_leaf=64, nr_cpu_ids=2
[    0.000000] NR_IRQS:33024 nr_irqs:440 16
[    0.000000] Console: colour VGA+ 80x25
[    0.000000] console [tty1] enabled
[    0.000000] console [ttyS0] enabled
[    0.000000] tsc: Detected 2903.992 MHz processor
[    0.089971] Calibrating delay loop (skipped) preset value.. 5807.98 BogoMIPS (lpj=11615968)
[    0.091113] pid_max: default: 32768 minimum: 301
[    0.091718] ACPI: Core revision 20150930
[    0.092882] ACPI: 2 ACPI AML tables successfully acquired and loaded
[    0.093759] Security Framework initialized
[    0.094339] Yama: becoming mindful.
[    0.094837] AppArmor: AppArmor initialized
[    0.095448] Dentry cache hash table entries: 131072 (order: 8, 1048576 bytes)
[    0.096774] Inode-cache hash table entries: 65536 (order: 7, 524288 bytes)
[    0.097637] Mount-cache hash table entries: 2048 (order: 2, 16384 bytes)
[    0.098422] Mountpoint-cache hash table entries: 2048 (order: 2, 16384 bytes)
[    0.099369] Initializing cgroup subsys io
[    0.099907] Initializing cgroup subsys memory
[    0.100473] Initializing cgroup subsys devices
[    0.101068] Initializing cgroup subsys freezer
[    0.101675] Initializing cgroup subsys net_cls
[    0.102264] Initializing cgroup subsys perf_event
[    0.102877] Initializing cgroup subsys net_prio
[    0.103476] Initializing cgroup subsys hugetlb
[    0.104062] Initializing cgroup subsys pids
[    0.115463] mce: CPU supports 0 MCE banks
[    0.116067] Last level iTLB entries: 4KB 128, 2MB 8, 4MB 8
[    0.116751] Last level dTLB entries: 4KB 64, 2MB 0, 4MB 0, 1GB 4
[    0.117491] Spectre V1 : Mitigation: usercopy/swapgs barriers and __user pointer sanitization
[    0.118589] Spectre V2 : Mitigation: Full generic retpoline
[    0.119318] Spectre V2 : Spectre v2 / SpectreRSB mitigation: Filling RSB on context switch
[    0.120393] Speculative Store Bypass: Vulnerable
[    0.120986] SRBDS: Unknown: Dependent on hypervisor status
[    0.121745] MDS: Mitigation: Clear CPU buffers
[    0.124355] Freeing SMP alternatives memory: 36K
[    0.129473] ftrace: allocating 32346 entries in 127 pages
[    0.174519] smpboot: APIC(0) Converting physical 0 to logical package 0
[    0.176190] smpboot: Max logical packages: 1
[    0.177304] x2apic enabled
[    0.177913] Switched APIC routing to physical x2apic.
[    0.179391] ..TIMER: vector=0x30 apic1=0 pin1=2 apic2=-1 pin2=-1
[    0.288201] smpboot: CPU0: Intel(R) Core(TM) i5-9400F CPU @ 2.90GHz (family: 0x6, model: 0x9e, stepping: 0xa)
[    0.289671] Performance Events: unsupported p6 CPU model 158 no PMU driver, software events only.
[    0.299290] KVM setup paravirtual spinlock
[    0.300599] x86: Booting SMP configuration:
[    0.301218] .... node  #0, CPUs:      #1
[    0.301906] kvm-clock: cpu 1, msr 0:3ffe3041, secondary cpu clock
[    0.313746] mce: CPU supports 0 MCE banks
[    0.316131] x86: Booted up 1 node, 2 CPUs
[    0.316843] smpboot: Total of 2 processors activated (11615.96 BogoMIPS)
[    0.318045] devtmpfs: initialized
[    0.319930] evm: security.selinux
[    0.320456] evm: security.SMACK64
[    0.320965] evm: security.SMACK64EXEC
[    0.321543] evm: security.SMACK64TRANSMUTE
[    0.322111] evm: security.SMACK64MMAP
[    0.322643] evm: security.ima
[    0.323095] evm: security.capability
[    0.323805] clocksource: jiffies: mask: 0xffffffff max_cycles: 0xffffffff, max_idle_ns: 7645041785100000 ns
[    0.325084] futex hash table entries: 512 (order: 3, 32768 bytes)
[    0.325938] pinctrl core: initialized pinctrl subsystem
[    0.326714] RTC time: 15:44:50, date: 10/16/20
[    0.327577] NET: Registered protocol family 16
[    0.340297] cpuidle: using governor ladder
[    0.352426] cpuidle: using governor menu
[    0.353040] PCCT header not found.
[    0.353650] ACPI: bus type PCI registered
[    0.354231] acpiphp: ACPI Hot Plug PCI Controller Driver version: 0.5
[    0.355079] PCI: Using configuration type 1 for base access
[    0.369135] ACPI: Added _OSI(Module Device)
[    0.369747] ACPI: Added _OSI(Processor Device)
[    0.370352] ACPI: Added _OSI(3.0 _SCP Extensions)
[    0.370969] ACPI: Added _OSI(Processor Aggregator Device)
[    0.372151] ACPI: Executed 1 blocks of module-level executable AML code
[    0.374432] ACPI: Interpreter enabled
[    0.374980] ACPI: (supports S0 S5)
[    0.375463] ACPI: Using IOAPIC for interrupt routing
[    0.376204] PCI: Using host bridge windows from ACPI; if necessary, use "pci=nocrs" and report a bug
[    0.379846] ACPI: PCI Root Bridge [PCI0] (domain 0000 [bus 00-ff])
[    0.380613] acpi PNP0A03:00: _OSC: OS supports [ASPM ClockPM Segments MSI]
[    0.381694] acpi PNP0A03:00: _OSC: not requesting OS control; OS requires [ExtendedConfig ASPM ClockPM MSI]
[    0.382916] acpi PNP0A03:00: fail to add MMCONFIG information, can't access extended PCI configuration space under this bridge.
[    0.384503] PCI host bridge to bus 0000:00
[    0.385134] pci_bus 0000:00: root bus resource [io  0x0000-0x0cf7 window]
[    0.385947] pci_bus 0000:00: root bus resource [io  0x0d00-0xffff window]
[    0.386741] pci_bus 0000:00: root bus resource [mem 0x000a0000-0x000bffff window]
[    0.387747] pci_bus 0000:00: root bus resource [mem 0x40000000-0xfdffffff window]
[    0.388749] pci_bus 0000:00: root bus resource [bus 00-ff]
[    0.390544] pci 0000:00:01.1: legacy IDE quirk: reg 0x10: [io  0x01f0-0x01f7]
[    0.391384] pci 0000:00:01.1: legacy IDE quirk: reg 0x14: [io  0x03f6]
[    0.392165] pci 0000:00:01.1: legacy IDE quirk: reg 0x18: [io  0x0170-0x0177]
[    0.399587] pci 0000:00:01.1: legacy IDE quirk: reg 0x1c: [io  0x0376]
[    0.409557] pci 0000:00:07.0: quirk: [io  0x4000-0x403f] claimed by PIIX4 ACPI
[    0.410594] pci 0000:00:07.0: quirk: [io  0x4100-0x410f] claimed by PIIX4 SMB
[    0.414882] ACPI: PCI Interrupt Link [LNKA] (IRQs 5 9 10 *11)
[    0.417325] ACPI: PCI Interrupt Link [LNKB] (IRQs 5 9 *10 11)
[    0.418438] ACPI: PCI Interrupt Link [LNKC] (IRQs 5 *9 10 11)
[    0.419448] ACPI: PCI Interrupt Link [LNKD] (IRQs 5 9 10 *11)
[    0.420545] ACPI: Enabled 2 GPEs in block 00 to 07
[    0.421524] vgaarb: setting as boot device: PCI:0000:00:02.0
[    0.422249] vgaarb: device added: PCI:0000:00:02.0,decodes=io+mem,owns=io+mem,locks=none
[    0.423306] vgaarb: loaded
[    0.423738] vgaarb: bridge control possible 0000:00:02.0
[    0.424625] SCSI subsystem initialized
[    0.425363] ACPI: bus type USB registered
[    0.425923] usbcore: registered new interface driver usbfs
[    0.426602] usbcore: registered new interface driver hub
[    0.427271] usbcore: registered new device driver usb
[    0.428151] PCI: Using ACPI for IRQ routing
[    0.429378] NetLabel: Initializing
[    0.429904] NetLabel:  domain hash size = 128
[    0.430487] NetLabel:  protocols = UNLABELED CIPSOv4
[    0.431134] NetLabel:  unlabeled traffic allowed by default
[    0.431990] amd_nb: Cannot enumerate AMD northbridges
[    0.432746] clocksource: Switched to clocksource kvm-clock
[    0.437940] AppArmor: AppArmor Filesystem Enabled
[    0.438609] pnp: PnP ACPI init
[    0.439577] pnp: PnP ACPI: found 3 devices
[    0.447620] clocksource: acpi_pm: mask: 0xffffff max_cycles: 0xffffff, max_idle_ns: 2085701024 ns
[    0.448846] NET: Registered protocol family 2
[    0.449600] TCP established hash table entries: 8192 (order: 4, 65536 bytes)
[    0.450444] TCP bind hash table entries: 8192 (order: 5, 131072 bytes)
[    0.451222] TCP: Hash tables configured (established 8192 bind 8192)
[    0.451995] UDP hash table entries: 512 (order: 2, 16384 bytes)
[    0.452729] UDP-Lite hash table entries: 512 (order: 2, 16384 bytes)
[    0.453562] NET: Registered protocol family 1
[    0.454155] pci 0000:00:00.0: Limiting direct PCI/PCI transfers
[    0.454909] pci 0000:00:01.0: Activating ISA DMA hang workarounds
[    0.455750] Unpacking initramfs...
[    0.615059] Freeing initrd memory: 14884K
[    0.615745] clocksource: tsc: mask: 0xffffffffffffffff max_cycles: 0x29dbfe32135, max_idle_ns: 440795254644 ns
[    0.617026] platform rtc_cmos: registered platform RTC device (no PNP device found)
[    0.618165] Scanning for low memory corruption every 60 seconds
[    0.619236] audit: initializing netlink subsys (disabled)
[    0.619932] audit: type=2000 audit(1602863095.582:1): initialized
[    0.620863] Initialise system trusted keyring
[    0.621607] HugeTLB registered 2 MB page size, pre-allocated 0 pages
[    0.623295] zbud: loaded
[    0.623973] VFS: Disk quotas dquot_6.6.0
[    0.624570] VFS: Dquot-cache hash table entries: 512 (order 0, 4096 bytes)
[    0.625612] squashfs: version 4.0 (2009/01/31) Phillip Lougher
[    0.626540] fuse init (API version 7.23)
[    0.627242] Key type big_key registered
[    0.627796] Allocating IMA MOK and blacklist keyrings.
[    0.629209] Key type asymmetric registered
[    0.629777] Asymmetric key parser 'x509' registered
[    0.630424] Block layer SCSI generic (bsg) driver version 0.4 loaded (major 249)
[    0.631482] io scheduler noop registered
[    0.632023] io scheduler deadline registered (default)
[    0.632697] io scheduler cfq registered
[    0.633352] pci_hotplug: PCI Hot Plug PCI Core version: 0.5
[    0.634062] pciehp: PCI Express Hot Plug Controller Driver version: 0.4
[    0.634931] ACPI: AC Adapter [AC] (on-line)
[    0.635533] input: Power Button as /devices/LNXSYSTM:00/LNXPWRBN:00/input/input0
[    0.636529] ACPI: Power Button [PWRF]
[    0.637139] input: Sleep Button as /devices/LNXSYSTM:00/LNXSLPBN:00/input/input1
[    0.638122] ACPI: Sleep Button [SLPF]
[    0.638832] GHES: HEST is not enabled!
[    0.639508] Serial: 8250/16550 driver, 32 ports, IRQ sharing enabled
[    0.660610] 00:02: ttyS0 at I/O 0x3f8 (irq = 4, base_baud = 115200) is a 16550A
[    0.663544] Linux agpgart interface v0.103
[    0.665281] loop: module loaded
[    0.666151] scsi host0: ata_piix
[    0.666725] scsi host1: ata_piix
[    0.667232] ata1: PATA max UDMA/33 cmd 0x1f0 ctl 0x3f6 bmdma 0xd000 irq 14
[    0.668046] ata2: PATA max UDMA/33 cmd 0x170 ctl 0x376 bmdma 0xd008 irq 15
[    0.668917] libphy: Fixed MDIO Bus: probed
[    0.669535] tun: Universal TUN/TAP device driver, 1.6
[    0.670189] tun: (C) 1999-2004 Max Krasnyansky <maxk@qualcomm.com>
[    0.671064] PPP generic driver version 2.4.2
[    0.671810] ehci_hcd: USB 2.0 'Enhanced' Host Controller (EHCI) Driver
[    0.672601] ehci-pci: EHCI PCI platform driver
[    0.673220] ehci-platform: EHCI generic platform driver
[    0.673876] ohci_hcd: USB 1.1 'Open' Host Controller (OHCI) Driver
[    0.674626] ohci-pci: OHCI PCI platform driver
[    0.675251] ohci-platform: OHCI generic platform driver
[    0.675919] uhci_hcd: USB Universal Host Controller Interface driver
[    0.676706] i8042: PNP: PS/2 Controller [PNP0303:PS2K,PNP0f03:PS2M] at 0x60,0x64 irq 1,12
[    0.678169] serio: i8042 KBD port at 0x60,0x64 irq 1
[    0.678837] serio: i8042 AUX port at 0x60,0x64 irq 12
[    0.679629] mousedev: PS/2 mouse device common for all mice
[    0.680603] input: AT Translated Set 2 keyboard as /devices/platform/i8042/serio0/input/input2
[    0.682120] rtc_cmos rtc_cmos: rtc core: registered rtc_cmos as rtc0
[    0.682927] rtc_cmos rtc_cmos: alarms up to one day, 114 bytes nvram
[    0.683701] i2c /dev entries driver
[    0.684245] device-mapper: uevent: version 1.0.3
[    0.684927] device-mapper: ioctl: 4.34.0-ioctl (2015-10-28) initialised: dm-devel@redhat.com
[    0.687180] ledtrig-cpu: registered to indicate activity on CPUs
[    0.689085] NET: Registered protocol family 10
[    0.689827] NET: Registered protocol family 17
[    0.690452] Key type dns_resolver registered
[    0.691389] registered taskstats version 1
[    0.691966] Loading compiled-in X.509 certificates
[    0.693033] Loaded X.509 cert 'Build time autogenerated kernel key: 399ad61e9457a71f6b31060684c17f14836880c9'
[    0.694264] zswap: loaded using pool lzo/zbud
[    0.696065] Key type trusted registered
[    0.699269] Key type encrypted registered
[    0.699866] AppArmor: AppArmor sha1 policy hashing enabled
[    0.700543] ima: No TPM chip found, activating TPM-bypass!
[    0.701278] ima: Allocated hash algorithm: sha1
[    0.701921] evm: HMAC attrs: 0x1
[    0.702618]   Magic number: 8:502:740
[    0.703225] rtc_cmos rtc_cmos: setting system clock to 2020-10-16 15:44:50 UTC (1602863090)
[    0.704410] BIOS EDD facility v0.16 2004-Jun-25, 0 devices found
[    0.705190] EDD information not available.
[    0.847932] Freeing unused kernel memory: 1492K
[    0.848604] Write protecting the kernel read-only data: 14336k
[    0.849744] Freeing unused kernel memory: 1588K
[    0.850487] Freeing unused kernel memory: 56K
Loading, please wait...
starting version 229
[    0.861031] random: systemd-udevd: uninitialized urandom read (16 bytes read, 3 bits of entropy available)
[    0.861534] random: udevadm: uninitialized urandom read (16 bytes read, 3 bits of entropy available)
[    0.861556] random: udevadm: uninitialized urandom read (16 bytes read, 3 bits of entropy available)
[    0.864683] random: systemd-udevd: uninitialized urandom read (16 bytes read, 3 bits of entropy available)
[    0.865939] random: systemd-udevd: uninitialized urandom read (16 bytes read, 3 bits of entropy available)
[    0.867186] random: systemd-udevd: uninitialized urandom read (16 bytes read, 3 bits of entropy available)
[    0.867252] random: udevadm: uninitialized urandom read (16 bytes read, 3 bits of entropy available)
[    0.867291] random: udevadm: uninitialized urandom read (16 bytes read, 3 bits of entropy available)
[    0.867398] random: udevadm: uninitialized urandom read (16 bytes read, 3 bits of entropy available)
[    0.867443] random: udevadm: uninitialized urandom read (16 bytes read, 3 bits of entropy available)
[    0.909405] e1000: Intel(R) PRO/1000 Network Driver - version 7.3.21-k8-NAPI
[    0.910362] e1000: Copyright (c) 1999-2006 Intel Corporation.
[    0.912620] Fusion MPT base driver 3.04.20
[    0.913212] Copyright (c) 1999-2008 LSI Corporation
[    0.916384] Fusion MPT SPI Host driver 3.04.20
[    0.917435] mptbase: ioc0: Initiating bringup
[    0.981173] ioc0: LSI53C1030 A0: Capabilities={Initiator}
[    1.121542] input: ImExPS/2 Generic Explorer Mouse as /devices/platform/i8042/serio1/input/input4
[    1.146066] scsi host2: ioc0: LSI53C1030 A0, FwRev=00000000h, Ports=1, MaxQ=256, IRQ=20
[    1.261598] scsi 2:0:0:0: Direct-Access     VBOX     HARDDISK         1.0  PQ: 0 ANSI: 5
[    1.263654] scsi target2:0:0: Beginning Domain Validation
[    1.266098] scsi target2:0:0: Domain Validation skipping write tests
[    1.267703] scsi target2:0:0: Ending Domain Validation
[    1.269146] scsi target2:0:0: asynchronous
[    1.271013] scsi 2:0:1:0: Direct-Access     VBOX     HARDDISK         1.0  PQ: 0 ANSI: 5
[    1.273260] scsi target2:0:1: Beginning Domain Validation
[    1.275848] scsi target2:0:1: Domain Validation skipping write tests
[    1.277501] scsi target2:0:1: Ending Domain Validation
[    1.278909] scsi target2:0:1: asynchronous
[    1.287034] sd 2:0:0:0: Attached scsi generic sg0 type 0
[    1.288540] sd 2:0:0:0: [sda] 20971520 512-byte logical blocks: (10.7 GB/10.0 GiB)
[    1.293623] sd 2:0:1:0: Attached scsi generic sg1 type 0
[    1.295409] sd 2:0:1:0: [sdb] 20480 512-byte logical blocks: (10.5 MB/10.0 MiB)
[    1.312063] sd 2:0:0:0: [sda] Write Protect is off
[    1.313343] sd 2:0:1:0: [sdb] Write Protect is off
[    1.314356] sd 2:0:0:0: [sda] Incomplete mode parameter data
[    1.315450] sd 2:0:0:0: [sda] Assuming drive cache: write through
[    1.316908] sd 2:0:1:0: [sdb] Incomplete mode parameter data
[    1.317865] sd 2:0:1:0: [sdb] Assuming drive cache: write through
[    1.319702]  sda: sda1
[    1.320834] sd 2:0:0:0: [sda] Attached SCSI disk
[    1.322416] sd 2:0:1:0: [sdb] Attached SCSI disk
[    1.591640] e1000 0000:00:03.0 eth0: (PCI:33MHz:32-bit) 02:e9:98:4f:cb:36
[    1.592514] e1000 0000:00:03.0 eth0: Intel(R) PRO/1000 Network Connection
[    1.594008] e1000 0000:00:03.0 enp0s3: renamed from eth0
Begin: Loading essential drivers ... [    2.861686] md: linear personality registered for level -1
[    2.864298] md: multipath personality registered for level -4
[    2.866893] md: raid0 personality registered for level 0
[    2.870087] md: raid1 personality registered for level 1
[    2.940768] raid6: sse2x1   gen() 14439 MB/s
[    3.008797] raid6: sse2x1   xor() 10567 MB/s
[    3.076795] raid6: sse2x2   gen() 17777 MB/s
[    3.144798] raid6: sse2x2   xor() 12316 MB/s
[    3.212765] raid6: sse2x4   gen() 20443 MB/s
[    3.280799] raid6: sse2x4   xor() 13453 MB/s
[    3.348773] raid6: avx2x1   gen() 24367 MB/s
[    3.416807] raid6: avx2x2   gen() 32087 MB/s
[    3.484798] raid6: avx2x4   gen() 36186 MB/s
[    3.485945] raid6: using algorithm avx2x4 gen() 36186 MB/s
[    3.487361] raid6: using avx2x2 recovery algorithm
[    3.489721] xor: automatically using best checksumming function:
[    3.604884]    avx       : 101551.000 MB/sec
[    3.606360] async_tx: api initialized (async)
[    3.613586] md: raid6 personality registered for level 6
[    3.614293] md: raid5 personality registered for level 5
[    3.614961] md: raid4 personality registered for level 4
[    3.620165] md: raid10 personality registered for level 10
done.
Begin: Running /scripts/init-premount ... done.
Begin: Mounting root file system ... Begin: Running /scripts/local-top ... done.
Begin: Running /scripts/local-premount ... [    3.641975] Btrfs loaded
Scanning for Btrfs filesystems
done.
Warning: fsck not present, so skipping root file system
[    3.665718] EXT4-fs (sda1): mounted filesystem with ordered data mode. Opts: (null)
done.
Begin: Running /scripts/local-bottom ... done.
Begin: Running /scripts/init-bottom ... done.
[    3.756214] systemd[1]: systemd 229 running in system mode. (+PAM +AUDIT +SELINUX +IMA +APPARMOR +SMACK +SYSVINIT +UTMP +LIBCRYPTSETUP +GCRYPT +GNUTLS +ACL +XZ -LZ4 +SECCOMP +BLKID +ELFUTILS +KMOD -IDN)
[    3.760842] systemd[1]: Detected virtualization oracle.
[    3.762235] systemd[1]: Detected architecture x86-64.

Welcome to [1mUbuntu 16.04.7 LTS[0m!

[    3.766250] systemd[1]: Set hostname to <ubuntu>.
[    3.770693] systemd[1]: Initializing machine ID from random generator.
[    3.772477] systemd[1]: Installed transient /etc/machine-id file.
[    3.896268] systemd[1]: Reached target Swap.
[[0;32m  OK  [0m] Reached target Swap.
[    3.897449] systemd[1]: Listening on udev Control Socket.
[[0;32m  OK  [0m] Listening on udev Control Socket.
[    3.898605] systemd[1]: Reached target Encrypted Volumes.
[[0;32m  OK  [0m] Reached target Encrypted Volumes.
[    3.899808] systemd[1]: Listening on udev Kernel Socket.
[[0;32m  OK  [0m] Listening on udev Kernel Socket.
[    3.900925] systemd[1]: Listening on /dev/initctl Compatibility Named Pipe.
[[0;32m  OK  [0m] Listening on /dev/initctl Compatibility Named Pipe.
[    3.902421] systemd[1]: Set up automount Arbitrary Executable File Formats File System Automount Point.
[[0;32m  OK  [0m] Set up automount Arbitrary Executab...ats File System Automount Point.
[    3.904324] systemd[1]: Reached target System Time Synchronized.
[[0;32m  OK  [0m] Reached target System Time Synchronized.
[    3.905658] systemd[1]: Started Trigger resolvconf update for networkd DNS.
[[0;32m  OK  [0m] Started Trigger resolvconf update for networkd DNS.
[    3.907245] systemd[1]: Created slice System Slice.
[[0;32m  OK  [0m] Created slice System Slice.
[    3.913038] systemd[1]: Created slice system-serial\x2dgetty.slice.
[[0;32m  OK  [0m] Created slice system-serial\x2dgetty.slice.
[    3.914416] systemd[1]: Reached target User and Group Name Lookups.
[[0;32m  OK  [0m] Reached target User and Group Name Lookups.
[    3.915791] systemd[1]: Listening on Journal Socket.
[[0;32m  OK  [0m] Listening on Journal Socket.
[    3.929396] systemd[1]: Mounting Huge Pages File System...
         Mounting Huge Pages File System...
[    3.939030] systemd[1]: Starting Load Kernel Modules...
         Starting Load Kernel Modules...
[    3.945823] systemd[1]: Starting Remount Root and Kernel File Systems...
         Starting Remount Root and Kernel File Systems...
[    3.953576] systemd[1]: Starting Create list of required static device nodes for the current kernel...
[    3.956601] EXT4-fs (sda1): re-mounted. Opts: (null)
         Starting Create list of required st... nodes for the current kernel...
[    3.961098] systemd[1]: Starting Nameserver information manager...
         Starting Nameserver information manager...
[    3.963883] systemd[1]: Listening on Device-mapper event daemon FIFOs.
[[0;32m  OK  [0m] Listening on Device-mapper event daemon FIFOs.
[    3.966515] systemd[1]: Listening on Journal Audit Socket.
[[0;32m  OK  [0m] Listening on Journal Audit Socket.
[    3.968440] Loading iSCSI transport class v2.0-870.
[    3.969212] systemd[1]: Listening on LVM2 metadata daemon socket.
[[0;32m  OK  [0m] Listening on LVM2 metadata daemon socket.
[    3.972265] systemd[1]: Mounting Debug File System...
         Mounting Debug File System...
[    3.973881] systemd[1]: Started Forward Password Requests to Wall Directory Watch.
[[0;32m  OK  [0m] Started Forward Password Requests to Wall Directory Watch.
[    3.976132] systemd[1]: Listening on LVM2 poll daemon socket.
[[0;32m  OK  [0m] Listening on LVM2 poll daemon socket.
[    3.977868] systemd[1]: Listening on Syslog Socket.
[[0;32m  OK  [0m] Listening on Syslog Socket.
[    3.981057] systemd[1]: Starting Set console keymap...
         Starting Set console keymap...
[    3.982791] systemd[1]: Mounting POSIX Message Queue File System...
         Mounting POSIX Message Queue File System...
[    3.984543] systemd[1]: Starting Uncomplicated firewall...
         Starting Uncomplicated firewall...
[    3.986248] systemd[1]: Created slice User and Session Slice.
[[0;32m  OK  [0m] Created slice User and Session Slice.
[    3.987893] systemd[1]: Reached target Slices.
[[0;32m  OK  [0m] Reached target Slices.
[    3.988991] systemd[1]: Listening on Journal Socket (/dev/log).
[    3.989815] iscsi: registered transport (tcp)
[[0;32m  OK  [0m] Listening on Journal Socket (/dev/log).
[    3.991060] systemd[1]: Starting Journal Service...
         Starting Journal Service...
[    3.992601] systemd[1]: Starting Monitoring of LVM2 mirrors, snapshots etc. using dmeventd or progress polling...
         Starting Monitoring of LVM2 mirrors... dmeventd or progress polling...
[    3.996300] systemd[1]: Mounted POSIX Message Queue File System.
[[0;32m  OK  [0m] Mounted POSIX Message Queue File System.
[    3.997710] systemd[1]: Mounted Huge Pages File System.
[[0;32m  OK  [0m] Mounted Huge Pages File System.
[    3.999522] systemd[1]: Mounted Debug File System.
[[0;32m  OK  [0m] Mounted Debug File System.
[    4.001110] systemd[1]: Started Remount Root and Kernel File Systems.
[[0;32m  OK  [0m] Started Remount Root and Kernel File Systems.
[    4.003388] systemd[1]: Started Create list of required static device nodes for the current kernel.
[[0;32m  OK  [0m] Started Create list of required sta...ce nodes for the current kernel.
[    4.009840] systemd[1]: Started Uncomplicated firewall.
[[0;32m  OK  [0m] Started Uncomplicated firewall.
[    4.011777] systemd[1]: Started Nameserver information manager.
[[0;32m  OK  [0m] Started Nameserver information manager.
[    4.014793] systemd[1]: Started LVM2 metadata daemon.
[[0;32m  OK  [0m] Started LVM2 metadata daemon.
[    4.017359] systemd[1]: Starting Create Static Device Nodes in /dev...
         Starting Create Static Device Nodes in /dev...
[    4.020697] systemd[1]: Starting udev Coldplug all Devices...
         Starting udev Coldplug all Devices...
[    4.022700] systemd[1]: Starting Load/Save Random Seed...
         Starting Load/Save Random Seed...
[    4.024819] systemd[1]: Started Journal Service.
[[0;32m  OK  [0m] Started Journal Service.
         Starting Flush Journal to Persistent Storage...
[    4.031934] systemd-journald[379]: Received request to flush runtime journal from PID 1
[[0;32m  OK  [0m] Started Load/Save Random Seed.
[[0;32m  OK  [0m] Started Flush Journal to Persistent Storage.
[[0;32m  OK  [0m] Started Create Static Device Nodes in /dev.
         Starting udev Kernel Device Manager...
[[0;32m  OK  [0m] Started Set console keymap.
[    4.058990] iscsi: registered transport (iser)
[[0;32m  OK  [0m] Started Load Kernel Modules.
         Starting Apply Kernel Variables...
         Mounting FUSE Control File System...
[[0;32m  OK  [0m] Mounted FUSE Control File System.
[[0;32m  OK  [0m] Started udev Kernel Device Manager.
[[0;32m  OK  [0m] Started udev Coldplug all Devices.
[[0;32m  OK  [0m] Started Dispatch Password Requests to Console Directory Watch.
[[0;32m  OK  [0m] Started Apply Kernel Variables.
[[0;32m  OK  [0m] Started Monitoring of LVM2 mirrors,...ng dmeventd or progress polling.
[[0;32m  OK  [0m] Reached target Local File Systems (Pre).
[[0;32m  OK  [0m] Reached target Local File Systems.
         Starting LSB: AppArmor initialization...
         Starting Initial cloud-init job (pre-networking)...
         Starting Create Volatile Files and Directories...
         Starting Set console font and keymap...
         Starting Tell Plymouth To Write Out Runtime Data...
         Starting Commit a transient machine-id on disk...
[[0;32m  OK  [0m] Started Create Volatile Files and Directories.
         Starting Update UTMP about System Boot/Shutdown...
[[0;32m  OK  [0m] Started Update UTMP about System Boot/Shutdown.
[[0;32m  OK  [0m] Started Tell Plymouth To Write Out Runtime Data.
[[0;32m  OK  [0m] Started Commit a transient machine-id on disk.
[[0;32m  OK  [0m] Found device /dev/ttyS0.
[[0;32m  OK  [0m] Listening on Load/Save RF Kill Switch Status /dev/rfkill Watch.
[[0;32m  OK  [0m] Started LSB: AppArmor initialization.
         Starting Load AppArmor profiles managed internally by snapd...
[[0;32m  OK  [0m] Started Load AppArmor profiles managed internally by snapd.
[    4.826293] cloud-init[464]: Cloud-init v. 20.3-2-g371b392c-0ubuntu1~16.04.1 running 'init-local' at Fri, 16 Oct 2020 15:44:54 +0000. Up 4.56 seconds.
[[0;32m  OK  [0m] Started Initial cloud-init job (pre-networking).
[[0;32m  OK  [0m] Reached target Network (Pre).
         Starting Raise network interfaces...
[[0;32m  OK  [0m] Started Set console font and keymap.
[[0;32m  OK  [0m] Created slice system-getty.slice.
[[0;32m  OK  [0m] Started Raise network interfaces.
[[0;32m  OK  [0m] Reached target Network.
         Starting Initial cloud-init job (metadata service crawler)...
[    5.813061] cloud-init[928]: Cloud-init v. 20.3-2-g371b392c-0ubuntu1~16.04.1 running 'init' at Fri, 16 Oct 2020 15:44:55 +0000. Up 5.31 seconds.
[    5.814149] cloud-init[928]: ci-info: ++++++++++++++++++++++++++++++++++++++Net device info++++++++++++++++++++++++++++++++++++++
[    5.815097] cloud-init[928]: ci-info: +--------+------+----------------------------+---------------+--------+-------------------+
[    5.815961] cloud-init[928]: ci-info: | Device |  Up  |          Address           |      Mask     | Scope  |     Hw-Address    |
[    5.816945] cloud-init[928]: ci-info: +--------+------+----------------------------+---------------+--------+-------------------+
[    5.817850] cloud-init[928]: ci-info: | enp0s3 | True |         10.0.2.15          | 255.255.255.0 | global | 02:e9:98:4f:cb:36 |
[    5.818719] cloud-init[928]: ci-info: | enp0s3 | True | fe80::e9:98ff:fe4f:cb36/64 |       .       |  link  | 02:e9:98:4f:cb:36 |
[    5.819590] cloud-init[928]: ci-info: |   lo   | True |         127.0.0.1          |   255.0.0.0   |  host  |         .         |
[    5.820356] cloud-init[928]: ci-info: |   lo   | True |          ::1/128           |       .       |  host  |         .         |
[    5.821486] cloud-init[928]: ci-info: +--------+------+----------------------------+---------------+--------+-------------------+
[    5.822741] cloud-init[928]: ci-info: +++++++++++++++++++++++++++Route IPv4 info++++++++++++++++++++++++++++
[    5.823751] cloud-init[928]: ci-info: +-------+-------------+----------+---------------+-----------+-------+
[    5.824816] cloud-init[928]: ci-info: | Route | Destination | Gateway  |    Genmask    | Interface | Flags |
[    5.825824] cloud-init[928]: ci-info: +-------+-------------+----------+---------------+-----------+-------+
[    5.826826] cloud-init[928]: ci-info: |   0   |   0.0.0.0   | 10.0.2.2 |    0.0.0.0    |   enp0s3  |   UG  |
[    5.827833] cloud-init[928]: ci-info: |   1   |   10.0.2.0  | 0.0.0.0  | 255.255.255.0 |   enp0s3  |   U   |
[    5.828880] cloud-init[928]: ci-info: +-------+-------------+----------+---------------+-----------+-------+
[    5.829913] cloud-init[928]: ci-info: +++++++++++++++++++Route IPv6 info+++++++++++++++++++
[    5.830850] cloud-init[928]: ci-info: +-------+-------------+---------+-----------+-------+
[    5.831808] cloud-init[928]: ci-info: | Route | Destination | Gateway | Interface | Flags |
[    5.832783] cloud-init[928]: ci-info: +-------+-------------+---------+-----------+-------+
[    5.833691] cloud-init[928]: ci-info: |   0   |  fe80::/64  |    ::   |   enp0s3  |   U   |
[    5.834592] cloud-init[928]: ci-info: |   3   |   ff00::/8  |    ::   |   enp0s3  |   U   |
[    5.835524] cloud-init[928]: ci-info: +-------+-------------+---------+-----------+-------+
[    5.836543] cloud-init[928]: Generating public/private rsa key pair.
[    5.837315] cloud-init[928]: Your identification has been saved in /etc/ssh/ssh_host_rsa_key.
[    5.838230] cloud-init[928]: Your public key has been saved in /etc/ssh/ssh_host_rsa_key.pub.
[    5.839152] cloud-init[928]: The key fingerprint is:
[    5.839860] cloud-init[928]: SHA256:ByfCmeE+24uUA1w/jD+gA3g2pXfFgNTtJF8Gq5aMIvc root@ubuntu-xenial
[    5.840858] cloud-init[928]: The key's randomart image is:
[    5.841695] cloud-init[[0;32m  OK  [0m] Started Initial cloud-init job (metadata service crawler).
[[0;32m  OK  [0m] Reached target Network is Online.
[928]: +---[RSA 2048]----+
[    5.843367] cloud-init[928]: |   ..oo...       |
[    5.843970] cloud-init[928]: |    .oo*o.o      |
[    5.844774] cloud-init[928]: |    . B=*o.      |
[    5.845862] cloud-init[928]: | . + = Oo+       |
[    5.846952] cloud-init[928]: |o O = @ S .      |
[    5.848044] cloud-init[928]: | = * = B o       |
[    5.848787] cloud-init[928]: |    E = +        |
[    5.849390] cloud-init[928]: |     o o o       |
[    5.849984] cloud-init[928]: |      . .        |
[    5.850578] cloud-init[928]: +----[SHA256]-----+
[    5.851175] cloud-init[928]: Generating public/private dsa key pair.
[    5.851887] cloud-init[928]: Your identification has been saved in /etc/ssh/ssh_host_dsa_key.
[    5.852762] cloud-init[928]: Your public key has been saved in /etc/ssh/ssh_host_dsa_key.pub.
[    5.853615] cloud-init[928]: The key fingerprint is:
[    5.854232] cloud-init[928]: SHA256:59ZLFVeIuXGnCZNW35hkF4SNSctwCfzWfQrimJ9Zh+Y root@ubuntu-xenial
[    5.855121] cloud-init[928]: The key's randomart image is:
[    5.855773] cloud-init[928]: +---[DSA 1024]----+
[    5.856385] cloud-init[928]: |          .ooB@++|
[    5.856980] cloud-init[928]: |           .%B+*+|
[    5.857576] cloud-init[928]: |           ..O=+=|
[    5.858169] cloud-init[928]: |          . ooo+o|
[    5.858763] cloud-init[928]: |        S+...o...|
[    5.859357] cloud-init[928]: |        oo..+.o  |
[    5.859954]          Starting iSCSI initiator daemon (iscsid)...
[[0;32m  OK  [0m] Reached target Cloud-config availability.
[[0;32m  OK  [0m] Reached target System Initialization.
[[0;32m  OK  [0m] Listening on UUID daemon activation socket.
cloud-init         Starting LXD - unix socket.
[[0;32m  OK  [0m] Listening on ACPID Listen Socket.
[[0;32m  OK  [0m] Started Daily apt download activities.
[[0;32m  OK  [0m] Started Daily apt upgrade and clean activities.
[[0;32m  OK  [0m] Started Daily Cleanup of Temporary Directories.
[928]: |         .o*o.   |
[    5.864049] cloud-init[928]: |         .+.E.   |
[    5.864732] [[0;32m  OK  [0m] Started ACPI Events Check.
[[0;32m  OK  [0m] Reached target Paths.
[[0;32m  OK  [0m] Listening on D-Bus System Message Bus Socket.
         Starting Socket activation for snappy daemon.
[[0;32m  OK  [0m] Started Message of the Day.
[[0;32m  OK  [0m] Reached target Timers.
cloud-init[928]: [[0;32m  OK  [0m] Listening on LXD - unix socket.
[[0;32m  OK  [0m] Listening on Socket activation for snappy daemon.
[[0;32m  OK  [0m] Reached target Sockets.
[[0;32m  OK  [0m] Reached target Basic System.
|            .    |
[    5.876552]          Starting /etc/rc.local Compatibility...
cloud-init[928]: +----[SHA256]-----+
[    5.879253] [[0;32m  OK  [0m] Started Regular background program processing daemon.
cloud-init         Starting LSB: Record successful boot for GRUB...
[928]: Generating public/private ecdsa key pair.         Starting Login Service...

[    5.883972]          Starting Virtualbox guest utils...
cloud-init[928]: [[0;32m  OK  [0m] Started FUSE filesystem for LXC.
Your identification has been saved in /etc/ssh/ssh_host_ecdsa_key.         Starting LSB: MD monitoring daemon...

[    5.887776] cloud-init[928]: Your public key has been saved in /etc/ssh/ssh_host_ecdsa_key.pub.
[    5.889242] cloud-init[928]: The key fingerprint is:
[    5.890653] cloud-init[928]: SHA256:AUzaMXf8mLeDRQGJNwwKsXGUkKYRisHL5Gzkiu4g5PU root@ubuntu-xenial
         Starting LXD - container startup/shutdown...
[    5.895131]          Starting Accounts Service...
cloud-init[928]: The key's randomart image is:
[    5.904402] [cloud-init[0;32m  OK  [0m[928]: ] +---[ECDSA 256]---+Started ACPI event daemon.

[    5.905322] cloud-init[928]: |o ..=BB.o=oo..   |
[    5.906577] [[0;32m  OK  [0m] Started Deferred execution scheduler.
cloud-init[928]: |.*. oBo*..* .    |
         Starting Snap Daemon...
[    5.908992] cloud-init[928]: |X .+o o .. *     |
         Starting Pollinate to seed the pseudo random number generator...
         Starting System Logging Service...
[    5.911164] cloud-init[928]: | B.      .o +    |
[    5.915479] [cloud-init[0;32m  OK  [0m[928]: ] |+. .    S  + .   |Started D-Bus System Message Bus.

[    5.916771] cloud-init[928]: |= . .     . o    |
[    5.917972] cloud-init[928]: |+.   E       .   |
[    5.919102] cloud-init[928]: |o.               |
[    5.919664] cloud-init[928]: |..               |
[    5.920278] cloud-init[928]: +----[SHA256]-----+
[    5.920951] cloud-init[928]: Generating public/private ed25519 key pair.
[    5.922347] cloud-init[928]: Your identification has been saved in /etc/ssh/ssh_host_ed25519_key.
[    5.923773] cloud-init[928]: Your public key has been saved in /etc/ssh/ssh_host_ed25519_key.pub.
[    5.924842] cloud-init[928]: The key fingerprint is:
[    5.925527] cloud-init[928]: SHA256:yJ8ED3HkYZMzI/xxZpVSh8/FXuZF45oD2JwD9PainWk root@ubuntu-xenial
[    5.926906] cloud-init[928]: The key's randomart image is:
[    5.927843] cloud-init[928]: +--[ED25519 256]--+
[    5.928589] cloud-init[928]: |     ...B+ ooo.+.|
[    5.929160] cloud-init[928]: |      o=*o@ +.. B|
[    5.930587] cloud-init[928]: |      oo.X X o *o|
[    5.931293] cloud-init[928]: |     . =. . + = o|
[    5.931812] cloud-init[928]: |      o S  . =   |
[    5.932333] cloud-init[928]: |       o .o + .  |
[    5.934052] cloud-init[928]: |        o. E     |
[    5.934540] cloud-init[928]: |          .      |
[    5.935480] cloud-init[928]: |                 |
[    5.938096] cloud-init[928]: +----[SHA256]-----+
[[0;32m  OK  [0m] Started System Logging Service.
[[0;32m  OK  [0m] Started /etc/rc.local Compatibility.
[[0;32m  OK  [0m] Started iSCSI initiator daemon (iscsid).
[[0;32m  OK  [0m] Started Login Service.
[[0;32m  OK  [0m] Started Unattended Upgrades Shutdown.
         Starting Authenticate and Authorize Users to Run Privileged Tasks...
         Starting Login to default iSCSI targets...
[[0;32m  OK  [0m] Started LSB: Record successful boot for GRUB.
[[0;32m  OK  [0m] Started Login to default iSCSI targets.
[[0;32m  OK  [0m] Reached target Remote File Systems (Pre).
[[0;32m  OK  [0m] Reached target Remote File Systems.
         Starting LSB: daemon to balance interrupts for SMP systems...
         Starting LSB: automatic crash report generation...
         Starting LSB: Set the CPU Frequency Scaling governor to "ondemand"...
         Starting Permit User Sessions...
[[0;32m  OK  [0m] Started Permit User Sessions.
         Starting Hold until boot process finishes up...
         Starting Terminate Plymouth Boot Screen...
[[0;32m  OK  [0m] Started Hold until boot process finishes up.
[[0;32m  OK  [0m] Started Getty on tty1.
         Starting Set console scheme...
[[0;32m  OK  [0m] Started Serial Getty on ttyS0.
[[0;32m  OK  [0m] Reached target Login Prompts.
[[0;32m  OK  [0m] Started LSB: MD monitoring daemon.
[[0;32m  OK  [0m] Started LXD - container startup/shutdown.
[[0;32m  OK  [0m] Started Terminate Plymouth Boot Screen.
[[0;32m  OK  [0m] Started Set console scheme.
[[0;32m  OK  [0m] Started Authenticate and Authorize Users to Run Privileged Tasks.
[[0;32m  OK  [0m] Started Accounts Service.
[[0;32m  OK  [0m] Started LSB: Set the CPU Frequency Scaling governor to "ondemand".
[[0;32m  OK  [0m] Started LSB: daemon to balance interrupts for SMP systems.
[[0;32m  OK  [0m] Started LSB: automatic crash report generation.
[[0;32m  OK  [0m] Started Virtualbox guest utils.
[[0;32m  OK  [0m] Started Snap Daemon.
         Starting Wait until snapd is fully seeded...
[[0;32m  OK  [0m] Started Pollinate to seed the pseudo random number generator.
         Starting OpenBSD Secure Shell server...
[[0;32m  OK  [0m] Started OpenBSD Secure Shell server.
[[0;32m  OK  [0m] Started Wait until snapd is fully seeded.
         Starting Apply the settings specified in cloud-config...
[[0;32m  OK  [0m] Reached target Multi-User System.
[[0;32m  OK  [0m] Reached target Graphical Interface.
         Starting Update UTMP about System Runlevel Changes...
[[0;32m  OK  [0m] Started Update UTMP about System Runlevel Changes.
[    7.034290] cloud-init[1284]: Generating locales (this might take a while)...
[    7.489164] cloud-init[1284]:   en_US.UTF-8... done
[    7.496245] cloud-init[1284]: Generation complete.
[    7.703327] cloud-init[1284]: Cloud-init v. 20.3-2-g371b392c-0ubuntu1~16.04.1 running 'modules:config' at Fri, 16 Oct 2020 15:44:56 +0000. Up 6.97 seconds.
[[0;32m  OK  [0m] Started Apply the settings specified in cloud-config.
         Starting Execute cloud user/final scripts...
ci-info: no authorized SSH keys fingerprints found for user ubuntu.
<14>Oct 16 15:44:57 ec2: 
<14>Oct 16 15:44:57 ec2: #############################################################
<14>Oct 16 15:44:57 ec2: -----BEGIN SSH HOST KEY FINGERPRINTS-----
<14>Oct 16 15:44:57 ec2: 1024 SHA256:59ZLFVeIuXGnCZNW35hkF4SNSctwCfzWfQrimJ9Zh+Y root@ubuntu-xenial (DSA)
<14>Oct 16 15:44:57 ec2: 256 SHA256:AUzaMXf8mLeDRQGJNwwKsXGUkKYRisHL5Gzkiu4g5PU root@ubuntu-xenial (ECDSA)
<14>Oct 16 15:44:57 ec2: 256 SHA256:yJ8ED3HkYZMzI/xxZpVSh8/FXuZF45oD2JwD9PainWk root@ubuntu-xenial (ED25519)
<14>Oct 16 15:44:57 ec2: 2048 SHA256:ByfCmeE+24uUA1w/jD+gA3g2pXfFgNTtJF8Gq5aMIvc root@ubuntu-xenial (RSA)
<14>Oct 16 15:44:57 ec2: -----END SSH HOST KEY FINGERPRINTS-----
<14>Oct 16 15:44:57 ec2: #############################################################
-----BEGIN SSH HOST KEY KEYS-----
ecdsa-sha2-nistp256 AAAAE2VjZHNhLXNoYTItbmlzdHAyNTYAAAAIbmlzdHAyNTYAAABBBGOiAMO4tHw9kbk1CSnBSL8FFs9m2MmOjUXqzXWLypFQmZ2zXyzsiVlAbh+NAmNgvKefVluI3uUDEXiFp61YTeM= root@ubuntu-xenial
ssh-ed25519 AAAAC3NzaC1lZDI1NTE5AAAAIII+363fW3Gz5XcvjCFVrzdXVU6riTbaxYfOkVA/xze5 root@ubuntu-xenial
ssh-rsa AAAAB3NzaC1yc2EAAAADAQABAAABAQCunehwvFa0MfW9WzxlbkGvs3GWENuP0Dhq+ID4OWA/4Lxa/O0IgITpkc+1iJeh089I8F6QNjTookqpkBsE/HZV3gZzGVPpFqt6nP7b2dTMl048MhS1R/EKYKqGppAFqFqNf5RLiSq8c1CpWYF2UOHdhw06OSUxw1kc4XF/Zz46UMM9AI+u2GbQ87g9oc6ZV2zP1ObaIjfT/U03gtBAEB7Tv6hj3przhocjLCmbPgqrhrV9NmW5yqbDlmHVAq34ABScbd0t3k7M2c2Vv62wV8Fpnm/3sp/8r+1CGwaIpEZHbIBQv51vPHxdgdvDydEXuw39gQUXyafA6fn7AsWcl38L root@ubuntu-xenial
-----END SSH HOST KEY KEYS-----
[    8.006310] cloud-init[1327]: Cloud-init v. 20.3-2-g371b392c-0ubuntu1~16.04.1 running 'modules:final' at Fri, 16 Oct 2020 15:44:57 +0000. Up 7.91 seconds.
[    8.007471] cloud-init[1327]: ci-info: no authorized SSH keys fingerprints found for user ubuntu.
[    8.008242] cloud-init[1327]: Cloud-init v. 20.3-2-g371b392c-0ubuntu1~16.04.1 finished at Fri, 16 Oct 2020 15:44:57 +0000. Datasource DataSourceNoCloud [seed=/dev/sdb][dsmode=net].  Up 8.00 seconds
[[0;32m  OK  [0m] Started Execute cloud user/final scripts.
[[0;32m  OK  [0m] Reached target Cloud-init target.

Ubuntu 16.04.7 LTS ubuntu-xenial ttyS0

ubuntu-xenial login: 