[    0.000000] Initializing cgroup subsys cpuset
[    0.000000] Initializing cgroup subsys cpu
[    0.000000] Initializing cgroup subsys cpuacct
[    0.000000] Linux version 4.4.0-193-generic (buildd@lgw01-amd64-024) (gcc version 5.4.0 20160609 (Ubuntu 5.4.0-6ubuntu1~16.04.12) ) #224-Ubuntu SMP Tue Oct 6 17:15:28 UTC 2020 (Ubuntu 4.4.0-193.224-generic 4.4.236)
[    0.000000] Command line: BOOT_IMAGE=/boot/vmlinuz-4.4.0-193-generic root=LABEL=cloudimg-rootfs ro console=tty1 console=ttyS0
[    0.000000] KERNEL supported cpus:
[    0.000000]   Intel GenuineIntel
[    0.000000]   AMD AuthenticAMD
[    0.000000]   Centaur CentaurHauls
[    0.000000] x86/fpu: xstate_offset[2]:  576, xstate_sizes[2]:  256
[    0.000000] x86/fpu: Supporting XSAVE feature 0x01: 'x87 floating point registers'
[    0.000000] x86/fpu: Supporting XSAVE feature 0x02: 'SSE registers'
[    0.000000] x86/fpu: Supporting XSAVE feature 0x04: 'AVX registers'
[    0.000000] x86/fpu: Enabled xstate features 0x7, context size is 832 bytes, using 'standard' format.
[    0.000000] e820: BIOS-provided physical RAM map:
[    0.000000] BIOS-e820: [mem 0x0000000000000000-0x000000000009fbff] usable
[    0.000000] BIOS-e820: [mem 0x000000000009fc00-0x000000000009ffff] reserved
[    0.000000] BIOS-e820: [mem 0x00000000000f0000-0x00000000000fffff] reserved
[    0.000000] BIOS-e820: [mem 0x0000000000100000-0x000000003ffeffff] usable
[    0.000000] BIOS-e820: [mem 0x000000003fff0000-0x000000003fffffff] ACPI data
[    0.000000] BIOS-e820: [mem 0x00000000fec00000-0x00000000fec00fff] reserved
[    0.000000] BIOS-e820: [mem 0x00000000fee00000-0x00000000fee00fff] reserved
[    0.000000] BIOS-e820: [mem 0x00000000fffc0000-0x00000000ffffffff] reserved
[    0.000000] NX (Execute Disable) protection: active
[    0.000000] SMBIOS 2.5 present.
[    0.000000] Hypervisor detected: KVM
[    0.000000] e820: last_pfn = 0x3fff0 max_arch_pfn = 0x400000000
[    0.000000] MTRR: Disabled
[    0.000000] x86/PAT: MTRRs disabled, skipping PAT initialization too.
[    0.000000] CPU MTRRs all blank - virtualized system.
[    0.000000] x86/PAT: Configuration [0-7]: WB  WT  UC- UC  WB  WT  UC- UC  
[    0.000000] found SMP MP-table at [mem 0x0009fff0-0x0009ffff] mapped at [ffff88000009fff0]
[    0.000000] Scanning 1 areas for low memory corruption
[    0.000000] RAMDISK: [mem 0x362de000-0x37166fff]
[    0.000000] ACPI: Early table checksum verification disabled
[    0.000000] ACPI: RSDP 0x00000000000E0000 000024 (v02 VBOX  )
[    0.000000] ACPI: XSDT 0x000000003FFF0030 00003C (v01 VBOX   VBOXXSDT 00000001 ASL  00000061)
[    0.000000] ACPI: FACP 0x000000003FFF00F0 0000F4 (v04 VBOX   VBOXFACP 00000001 ASL  00000061)
[    0.000000] ACPI: DSDT 0x000000003FFF0470 002325 (v02 VBOX   VBOXBIOS 00000002 INTL 20190509)
[    0.000000] ACPI: FACS 0x000000003FFF0200 000040
[    0.000000] ACPI: FACS 0x000000003FFF0200 000040
[    0.000000] ACPI: APIC 0x000000003FFF0240 00005C (v02 VBOX   VBOXAPIC 00000001 ASL  00000061)
[    0.000000] ACPI: SSDT 0x000000003FFF02A0 0001CC (v01 VBOX   VBOXCPUT 00000002 INTL 20190509)
[    0.000000] No NUMA configuration found
[    0.000000] Faking a node at [mem 0x0000000000000000-0x000000003ffeffff]
[    0.000000] NODE_DATA(0) allocated [mem 0x3ffeb000-0x3ffeffff]
[    0.000000] kvm-clock: Using msrs 4b564d01 and 4b564d00
[    0.000000] kvm-clock: cpu 0, msr 0:3ffe3001, primary cpu clock
[    0.000000] kvm-clock: using sched offset of 3096582848 cycles
[    0.000000] clocksource: kvm-clock: mask: 0xffffffffffffffff max_cycles: 0x1cd42e4dffb, max_idle_ns: 881590591483 ns
[    0.000000] Zone ranges:
[    0.000000]   DMA      [mem 0x0000000000001000-0x0000000000ffffff]
[    0.000000]   DMA32    [mem 0x0000000001000000-0x000000003ffeffff]
[    0.000000]   Normal   empty
[    0.000000]   Device   empty
[    0.000000] Movable zone start for each node
[    0.000000] Early memory node ranges
[    0.000000]   node   0: [mem 0x0000000000001000-0x000000000009efff]
[    0.000000]   node   0: [mem 0x0000000000100000-0x000000003ffeffff]
[    0.000000] Initmem setup node 0 [mem 0x0000000000001000-0x000000003ffeffff]
[    0.000000] ACPI: PM-Timer IO Port: 0x4008
[    0.000000] IOAPIC[0]: apic_id 2, version 32, address 0xfec00000, GSI 0-23
[    0.000000] ACPI: INT_SRC_OVR (bus 0 bus_irq 0 global_irq 2 dfl dfl)
[    0.000000] ACPI: INT_SRC_OVR (bus 0 bus_irq 9 global_irq 9 low level)
[    0.000000] Using ACPI (MADT) for SMP configuration information
[    0.000000] smpboot: Allowing 2 CPUs, 0 hotplug CPUs
[    0.000000] PM: Registered nosave memory: [mem 0x00000000-0x00000fff]
[    0.000000] PM: Registered nosave memory: [mem 0x0009f000-0x0009ffff]
[    0.000000] PM: Registered nosave memory: [mem 0x000a0000-0x000effff]
[    0.000000] PM: Registered nosave memory: [mem 0x000f0000-0x000fffff]
[    0.000000] e820: [mem 0x40000000-0xfebfffff] available for PCI devices
[    0.000000] Booting paravirtualized kernel on KVM
[    0.000000] clocksource: refined-jiffies: mask: 0xffffffff max_cycles: 0xffffffff, max_idle_ns: 7645519600211568 ns
[    0.000000] setup_percpu: NR_CPUS:512 nr_cpumask_bits:512 nr_cpu_ids:2 nr_node_ids:1
[    0.000000] PERCPU: Embedded 33 pages/cpu @ffff88003fc00000 s95512 r8192 d31464 u1048576
[    0.000000] Built 1 zonelists in Node order, mobility grouping on.  Total pages: 257912
[    0.000000] Policy zone: DMA32
[    0.000000] Kernel command line: BOOT_IMAGE=/boot/vmlinuz-4.4.0-193-generic root=LABEL=cloudimg-rootfs ro console=tty1 console=ttyS0
[    0.000000] PID hash table entries: 4096 (order: 3, 32768 bytes)
[    0.000000] Memory: 997660K/1048120K available (8640K kernel code, 1337K rwdata, 4040K rodata, 1492K init, 1296K bss, 50460K reserved, 0K cma-reserved)
[    0.000000] SLUB: HWalign=64, Order=0-3, MinObjects=0, CPUs=2, Nodes=1
[    0.000000] Kernel/User page tables isolation: enabled
[    0.000000] Hierarchical RCU implementation.
[    0.000000] 	Build-time adjustment of leaf fanout to 64.
[    0.000000] 	RCU restricting CPUs from NR_CPUS=512 to nr_cpu_ids=2.
[    0.000000] RCU: Adjusting geometry for rcu_fanout_leaf=64, nr_cpu_ids=2
[    0.000000] NR_IRQS:33024 nr_irqs:440 16
[    0.000000] Console: colour VGA+ 80x25
[    0.000000] console [tty1] enabled
[    0.000000] console [ttyS0] enabled
[    0.000000] tsc: Detected 2903.992 MHz processor
[    0.088109] Calibrating delay loop (skipped) preset value.. 5807.98 BogoMIPS (lpj=11615968)
[    0.089245] pid_max: default: 32768 minimum: 301
[    0.089852] ACPI: Core revision 20150930
[    0.091064] ACPI: 2 ACPI AML tables successfully acquired and loaded
[    0.091953] Security Framework initialized
[    0.092534] Yama: becoming mindful.
[    0.093071] AppArmor: AppArmor initialized
[    0.093680] Dentry cache hash table entries: 131072 (order: 8, 1048576 bytes)
[    0.094992] Inode-cache hash table entries: 65536 (order: 7, 524288 bytes)
[    0.095906] Mount-cache hash table entries: 2048 (order: 2, 16384 bytes)
[    0.096696] Mountpoint-cache hash table entries: 2048 (order: 2, 16384 bytes)
[    0.097646] Initializing cgroup subsys io
[    0.098197] Initializing cgroup subsys memory
[    0.098778] Initializing cgroup subsys devices
[    0.099348] Initializing cgroup subsys freezer
[    0.099970] Initializing cgroup subsys net_cls
[    0.100540] Initializing cgroup subsys perf_event
[    0.101186] Initializing cgroup subsys net_prio
[    0.101780] Initializing cgroup subsys hugetlb
[    0.102350] Initializing cgroup subsys pids
[    0.113846] mce: CPU supports 0 MCE banks
[    0.114431] Last level iTLB entries: 4KB 128, 2MB 8, 4MB 8
[    0.115100] Last level dTLB entries: 4KB 64, 2MB 0, 4MB 0, 1GB 4
[    0.115849] Spectre V1 : Mitigation: usercopy/swapgs barriers and __user pointer sanitization
[    0.116925] Spectre V2 : Mitigation: Full generic retpoline
[    0.117696] Spectre V2 : Spectre v2 / SpectreRSB mitigation: Filling RSB on context switch
[    0.118777] Speculative Store Bypass: Vulnerable
[    0.119371] SRBDS: Unknown: Dependent on hypervisor status
[    0.121108] MDS: Mitigation: Clear CPU buffers
[    0.123758] Freeing SMP alternatives memory: 36K
[    0.128986] ftrace: allocating 32346 entries in 127 pages
[    0.174716] smpboot: APIC(0) Converting physical 0 to logical package 0
[    0.175569] smpboot: Max logical packages: 1
[    0.176294] x2apic enabled
[    0.176866] Switched APIC routing to physical x2apic.
[    0.178330] ..TIMER: vector=0x30 apic1=0 pin1=2 apic2=-1 pin2=-1
[    0.287135] smpboot: CPU0: Intel(R) Core(TM) i5-9400F CPU @ 2.90GHz (family: 0x6, model: 0x9e, stepping: 0xa)
[    0.288549] Performance Events: unsupported p6 CPU model 158 no PMU driver, software events only.
[    0.297956] KVM setup paravirtual spinlock
[    0.299143] x86: Booting SMP configuration:
[    0.299747] .... node  #0, CPUs:      #1
[    0.300355] kvm-clock: cpu 1, msr 0:3ffe3041, secondary cpu clock
[    0.311626] mce: CPU supports 0 MCE banks
[    0.314000] x86: Booted up 1 node, 2 CPUs
[    0.314672] smpboot: Total of 2 processors activated (11615.96 BogoMIPS)
[    0.315831] devtmpfs: initialized
[    0.317710] evm: security.selinux
[    0.318183] evm: security.SMACK64
[    0.318657] evm: security.SMACK64EXEC
[    0.319169] evm: security.SMACK64TRANSMUTE
[    0.319741] evm: security.SMACK64MMAP
[    0.320256] evm: security.ima
[    0.320694] evm: security.capability
[    0.321410] clocksource: jiffies: mask: 0xffffffff max_cycles: 0xffffffff, max_idle_ns: 7645041785100000 ns
[    0.322609] futex hash table entries: 512 (order: 3, 32768 bytes)
[    0.323447] pinctrl core: initialized pinctrl subsystem
[    0.324165] RTC time: 18:02:43, date: 10/16/20
[    0.325031] NET: Registered protocol family 16
[    0.331620] cpuidle: using governor ladder
[    0.343617] cpuidle: using governor menu
[    0.344187] PCCT header not found.
[    0.344759] ACPI: bus type PCI registered
[    0.345352] acpiphp: ACPI Hot Plug PCI Controller Driver version: 0.5
[    0.346233] PCI: Using configuration type 1 for base access
[    0.360318] ACPI: Added _OSI(Module Device)
[    0.360938] ACPI: Added _OSI(Processor Device)
[    0.361548] ACPI: Added _OSI(3.0 _SCP Extensions)
[    0.362178] ACPI: Added _OSI(Processor Aggregator Device)
[    0.363381] ACPI: Executed 1 blocks of module-level executable AML code
[    0.365703] ACPI: Interpreter enabled
[    0.366262] ACPI: (supports S0 S5)
[    0.366753] ACPI: Using IOAPIC for interrupt routing
[    0.367480] PCI: Using host bridge windows from ACPI; if necessary, use "pci=nocrs" and report a bug
[    0.371048] ACPI: PCI Root Bridge [PCI0] (domain 0000 [bus 00-ff])
[    0.371800] acpi PNP0A03:00: _OSC: OS supports [ASPM ClockPM Segments MSI]
[    0.372845] acpi PNP0A03:00: _OSC: not requesting OS control; OS requires [ExtendedConfig ASPM ClockPM MSI]
[    0.374044] acpi PNP0A03:00: fail to add MMCONFIG information, can't access extended PCI configuration space under this bridge.
[    0.375610] PCI host bridge to bus 0000:00
[    0.376181] pci_bus 0000:00: root bus resource [io  0x0000-0x0cf7 window]
[    0.376968] pci_bus 0000:00: root bus resource [io  0x0d00-0xffff window]
[    0.377798] pci_bus 0000:00: root bus resource [mem 0x000a0000-0x000bffff window]
[    0.378785] pci_bus 0000:00: root bus resource [mem 0x40000000-0xfdffffff window]
[    0.379808] pci_bus 0000:00: root bus resource [bus 00-ff]
[    0.381560] pci 0000:00:01.1: legacy IDE quirk: reg 0x10: [io  0x01f0-0x01f7]
[    0.382414] pci 0000:00:01.1: legacy IDE quirk: reg 0x14: [io  0x03f6]
[    0.383209] pci 0000:00:01.1: legacy IDE quirk: reg 0x18: [io  0x0170-0x0177]
[    0.390521] pci 0000:00:01.1: legacy IDE quirk: reg 0x1c: [io  0x0376]
[    0.399962] pci 0000:00:07.0: quirk: [io  0x4000-0x403f] claimed by PIIX4 ACPI
[    0.400971] pci 0000:00:07.0: quirk: [io  0x4100-0x410f] claimed by PIIX4 SMB
[    0.404841] ACPI: PCI Interrupt Link [LNKA] (IRQs 5 9 10 *11)
[    0.406090] ACPI: PCI Interrupt Link [LNKB] (IRQs 5 9 *10 11)
[    0.407195] ACPI: PCI Interrupt Link [LNKC] (IRQs 5 *9 10 11)
[    0.408208] ACPI: PCI Interrupt Link [LNKD] (IRQs 5 9 10 *11)
[    0.409238] ACPI: Enabled 2 GPEs in block 00 to 07
[    0.410178] vgaarb: setting as boot device: PCI:0000:00:02.0
[    0.410911] vgaarb: device added: PCI:0000:00:02.0,decodes=io+mem,owns=io+mem,locks=none
[    0.411956] vgaarb: loaded
[    0.412391] vgaarb: bridge control possible 0000:00:02.0
[    0.413255] SCSI subsystem initialized
[    0.413968] ACPI: bus type USB registered
[    0.414524] usbcore: registered new interface driver usbfs
[    0.415197] usbcore: registered new interface driver hub
[    0.415866] usbcore: registered new device driver usb
[    0.416805] PCI: Using ACPI for IRQ routing
[    0.417979] NetLabel: Initializing
[    0.418488] NetLabel:  domain hash size = 128
[    0.419075] NetLabel:  protocols = UNLABELED CIPSOv4
[    0.419705] NetLabel:  unlabeled traffic allowed by default
[    0.420596] amd_nb: Cannot enumerate AMD northbridges
[    0.421330] clocksource: Switched to clocksource kvm-clock
[    0.426476] AppArmor: AppArmor Filesystem Enabled
[    0.427174] pnp: PnP ACPI init
[    0.428158] pnp: PnP ACPI: found 3 devices
[    0.436156] clocksource: acpi_pm: mask: 0xffffff max_cycles: 0xffffff, max_idle_ns: 2085701024 ns
[    0.437375] NET: Registered protocol family 2
[    0.438149] TCP established hash table entries: 8192 (order: 4, 65536 bytes)
[    0.439012] TCP bind hash table entries: 8192 (order: 5, 131072 bytes)
[    0.439783] TCP: Hash tables configured (established 8192 bind 8192)
[    0.440561] UDP hash table entries: 512 (order: 2, 16384 bytes)
[    0.441300] UDP-Lite hash table entries: 512 (order: 2, 16384 bytes)
[    0.442094] NET: Registered protocol family 1
[    0.442698] pci 0000:00:00.0: Limiting direct PCI/PCI transfers
[    0.443469] pci 0000:00:01.0: Activating ISA DMA hang workarounds
[    0.444304] Unpacking initramfs...
[    0.603473] Freeing initrd memory: 14884K
[    0.604136] clocksource: tsc: mask: 0xffffffffffffffff max_cycles: 0x29dbfe32135, max_idle_ns: 440795254644 ns
[    0.605493] platform rtc_cmos: registered platform RTC device (no PNP device found)
[    0.606519] Scanning for low memory corruption every 60 seconds
[    0.607512] audit: initializing netlink subsys (disabled)
[    0.608213] audit: type=2000 audit(1602871367.840:1): initialized
[    0.609178] Initialise system trusted keyring
[    0.609947] HugeTLB registered 2 MB page size, pre-allocated 0 pages
[    0.611599] zbud: loaded
[    0.612285] VFS: Disk quotas dquot_6.6.0
[    0.612845] VFS: Dquot-cache hash table entries: 512 (order 0, 4096 bytes)
[    0.613896] squashfs: version 4.0 (2009/01/31) Phillip Lougher
[    0.614815] fuse init (API version 7.23)
[    0.615495] Key type big_key registered
[    0.616042] Allocating IMA MOK and blacklist keyrings.
[    0.617363] Key type asymmetric registered
[    0.617967] Asymmetric key parser 'x509' registered
[    0.618607] Block layer SCSI generic (bsg) driver version 0.4 loaded (major 249)
[    0.619660] io scheduler noop registered
[    0.620202] io scheduler deadline registered (default)
[    0.620859] io scheduler cfq registered
[    0.621534] pci_hotplug: PCI Hot Plug PCI Core version: 0.5
[    0.622217] pciehp: PCI Express Hot Plug Controller Driver version: 0.4
[    0.623074] ACPI: AC Adapter [AC] (on-line)
[    0.623671] input: Power Button as /devices/LNXSYSTM:00/LNXPWRBN:00/input/input0
[    0.624662] ACPI: Power Button [PWRF]
[    0.625251] input: Sleep Button as /devices/LNXSYSTM:00/LNXSLPBN:00/input/input1
[    0.626263] ACPI: Sleep Button [SLPF]
[    0.626932] GHES: HEST is not enabled!
[    0.627606] Serial: 8250/16550 driver, 32 ports, IRQ sharing enabled
[    0.648706] 00:02: ttyS0 at I/O 0x3f8 (irq = 4, base_baud = 115200) is a 16550A
[    0.651671] Linux agpgart interface v0.103
[    0.653347] loop: module loaded
[    0.654226] scsi host0: ata_piix
[    0.654872] scsi host1: ata_piix
[    0.655402] ata1: PATA max UDMA/33 cmd 0x1f0 ctl 0x3f6 bmdma 0xd000 irq 14
[    0.656198] ata2: PATA max UDMA/33 cmd 0x170 ctl 0x376 bmdma 0xd008 irq 15
[    0.657209] libphy: Fixed MDIO Bus: probed
[    0.657785] tun: Universal TUN/TAP device driver, 1.6
[    0.658413] tun: (C) 1999-2004 Max Krasnyansky <maxk@qualcomm.com>
[    0.659240] PPP generic driver version 2.4.2
[    0.659891] ehci_hcd: USB 2.0 'Enhanced' Host Controller (EHCI) Driver
[    0.660669] ehci-pci: EHCI PCI platform driver
[    0.661260] ehci-platform: EHCI generic platform driver
[    0.661949] ohci_hcd: USB 1.1 'Open' Host Controller (OHCI) Driver
[    0.662694] ohci-pci: OHCI PCI platform driver
[    0.663316] ohci-platform: OHCI generic platform driver
[    0.663976] uhci_hcd: USB Universal Host Controller Interface driver
[    0.664757] i8042: PNP: PS/2 Controller [PNP0303:PS2K,PNP0f03:PS2M] at 0x60,0x64 irq 1,12
[    0.666180] serio: i8042 KBD port at 0x60,0x64 irq 1
[    0.666876] serio: i8042 AUX port at 0x60,0x64 irq 12
[    0.667700] mousedev: PS/2 mouse device common for all mice
[    0.668706] input: AT Translated Set 2 keyboard as /devices/platform/i8042/serio0/input/input2
[    0.670197] rtc_cmos rtc_cmos: rtc core: registered rtc_cmos as rtc0
[    0.670986] rtc_cmos rtc_cmos: alarms up to one day, 114 bytes nvram
[    0.671751] i2c /dev entries driver
[    0.672285] device-mapper: uevent: version 1.0.3
[    0.672958] device-mapper: ioctl: 4.34.0-ioctl (2015-10-28) initialised: dm-devel@redhat.com
[    0.674129] ledtrig-cpu: registered to indicate activity on CPUs
[    0.675118] NET: Registered protocol family 10
[    0.675880] NET: Registered protocol family 17
[    0.676477] Key type dns_resolver registered
[    0.677354] registered taskstats version 1
[    0.677942] Loading compiled-in X.509 certificates
[    0.678972] Loaded X.509 cert 'Build time autogenerated kernel key: 399ad61e9457a71f6b31060684c17f14836880c9'
[    0.680264] zswap: loaded using pool lzo/zbud
[    0.682372] Key type trusted registered
[    0.685454] Key type encrypted registered
[    0.685998] AppArmor: AppArmor sha1 policy hashing enabled
[    0.686714] ima: No TPM chip found, activating TPM-bypass!
[    0.687437] ima: Allocated hash algorithm: sha1
[    0.688044] evm: HMAC attrs: 0x1
[    0.688754]   Magic number: 8:99:39
[    0.689248] bdi 7:4: hash matches
[    0.689861] rtc_cmos rtc_cmos: setting system clock to 2020-10-16 18:02:43 UTC (1602871363)
[    0.691025] BIOS EDD facility v0.16 2004-Jun-25, 0 devices found
[    0.691757] EDD information not available.
[    0.835173] Freeing unused kernel memory: 1492K
[    0.835825] Write protecting the kernel read-only data: 14336k
[    0.836903] Freeing unused kernel memory: 1588K
[    0.837673] Freeing unused kernel memory: 56K
Loading, please wait...
starting version 229
[    0.848155] random: systemd-udevd: uninitialized urandom read (16 bytes read, 3 bits of entropy available)
[    0.848639] random: udevadm: uninitialized urandom read (16 bytes read, 3 bits of entropy available)
[    0.848662] random: udevadm: uninitialized urandom read (16 bytes read, 3 bits of entropy available)
[    0.851801] random: systemd-udevd: uninitialized urandom read (16 bytes read, 3 bits of entropy available)
[    0.853075] random: systemd-udevd: uninitialized urandom read (16 bytes read, 3 bits of entropy available)
[    0.854396] random: systemd-udevd: uninitialized urandom read (16 bytes read, 3 bits of entropy available)
[    0.854550] random: udevadm: uninitialized urandom read (16 bytes read, 3 bits of entropy available)
[    0.854589] random: udevadm: uninitialized urandom read (16 bytes read, 3 bits of entropy available)
[    0.854697] random: udevadm: uninitialized urandom read (16 bytes read, 3 bits of entropy available)
[    0.854741] random: udevadm: uninitialized urandom read (16 bytes read, 3 bits of entropy available)
[    0.887543] e1000: Intel(R) PRO/1000 Network Driver - version 7.3.21-k8-NAPI
[    0.888471] e1000: Copyright (c) 1999-2006 Intel Corporation.
[    0.897911] Fusion MPT base driver 3.04.20
[    0.898562] Copyright (c) 1999-2008 LSI Corporation
[    0.901604] Fusion MPT SPI Host driver 3.04.20
[    1.120426] input: ImExPS/2 Generic Explorer Mouse as /devices/platform/i8042/serio1/input/input4
[    1.227942] e1000 0000:00:03.0 eth0: (PCI:33MHz:32-bit) 02:e9:98:4f:cb:36
[    1.228798] e1000 0000:00:03.0 eth0: Intel(R) PRO/1000 Network Connection
[    1.230130] mptbase: ioc0: Initiating bringup
[    1.230391] e1000 0000:00:03.0 enp0s3: renamed from eth0
[    1.301857] ioc0: LSI53C1030 A0: Capabilities={Initiator}
[    1.469073] scsi host2: ioc0: LSI53C1030 A0, FwRev=00000000h, Ports=1, MaxQ=256, IRQ=20
[    1.586605] scsi 2:0:0:0: Direct-Access     VBOX     HARDDISK         1.0  PQ: 0 ANSI: 5
[    1.591332] scsi target2:0:0: Beginning Domain Validation
[    1.593045] scsi target2:0:0: Domain Validation skipping write tests
[    1.594626] scsi target2:0:0: Ending Domain Validation
[    1.596108] scsi target2:0:0: asynchronous
[    1.597679] scsi 2:0:1:0: Direct-Access     VBOX     HARDDISK         1.0  PQ: 0 ANSI: 5
[    1.598805] scsi target2:0:1: Beginning Domain Validation
[    1.599950] scsi target2:0:1: Domain Validation skipping write tests
[    1.600770] scsi target2:0:1: Ending Domain Validation
[    1.601516] scsi target2:0:1: asynchronous
[    1.605527] sd 2:0:0:0: Attached scsi generic sg0 type 0
[    1.613324] sd 2:0:0:0: [sda] 20971520 512-byte logical blocks: (10.7 GB/10.0 GiB)
[    1.615031] sd 2:0:1:0: Attached scsi generic sg1 type 0
[    1.615846] sd 2:0:0:0: [sda] Write Protect is off
[    1.616588] sd 2:0:1:0: [sdb] 20480 512-byte logical blocks: (10.5 MB/10.0 MiB)
[    1.617827] sd 2:0:0:0: [sda] Incomplete mode parameter data
[    1.618605] sd 2:0:0:0: [sda] Assuming drive cache: write through
[    1.619555] sd 2:0:1:0: [sdb] Write Protect is off
[    1.620523] sd 2:0:1:0: [sdb] Incomplete mode parameter data
[    1.621296] sd 2:0:1:0: [sdb] Assuming drive cache: write through
[    1.622682]  sda: sda1
[    1.623702] sd 2:0:0:0: [sda] Attached SCSI disk
[    1.624815] sd 2:0:1:0: [sdb] Attached SCSI disk
Begin: Loading essential drivers ... [    2.903692] md: linear personality registered for level -1
[    2.906078] md: multipath personality registered for level -4
[    2.908354] md: raid0 personality registered for level 0
[    2.911435] md: raid1 personality registered for level 1
[    2.993359] raid6: sse2x1   gen() 14497 MB/s
[    3.065355] raid6: sse2x1   xor() 11236 MB/s
[    3.141347] raid6: sse2x2   gen() 19787 MB/s
[    3.213280] raid6: sse2x2   xor() 12941 MB/s
[    3.293548] raid6: sse2x4   gen() 23895 MB/s
[    3.365028] raid6: sse2x4   xor() 13561 MB/s
[    3.444914] raid6: avx2x1   gen() 27252 MB/s
[    3.516946] raid6: avx2x2   gen() 33907 MB/s
[    3.608931] raid6: avx2x4   gen() 42557 MB/s
[    3.609602] raid6: using algorithm avx2x4 gen() 42557 MB/s
[    3.610274] raid6: using avx2x2 recovery algorithm
[    3.611881] xor: automatically using best checksumming function:
[    3.649381]    avx       : 25910.000 MB/sec
[    3.650888] async_tx: api initialized (async)
[    3.658559] md: raid6 personality registered for level 6
[    3.659270] md: raid5 personality registered for level 5
[    3.659953] md: raid4 personality registered for level 4
[    3.665591] md: raid10 personality registered for level 10
done.
Begin: Running /scripts/init-premount ... done.
Begin: Mounting root file system ... Begin: Running /scripts/local-top ... done.
Begin: Running /scripts/local-premount ... [    3.686832] Btrfs loaded
Scanning for Btrfs filesystems
done.
Warning: fsck not present, so skipping root file system
[    3.711482] EXT4-fs (sda1): mounted filesystem with ordered data mode. Opts: (null)
done.
Begin: Running /scripts/local-bottom ... done.
Begin: Running /scripts/init-bottom ... done.
[    3.799843] systemd[1]: systemd 229 running in system mode. (+PAM +AUDIT +SELINUX +IMA +APPARMOR +SMACK +SYSVINIT +UTMP +LIBCRYPTSETUP +GCRYPT +GNUTLS +ACL +XZ -LZ4 +SECCOMP +BLKID +ELFUTILS +KMOD -IDN)
[    3.804447] systemd[1]: Detected virtualization oracle.
[    3.805880] systemd[1]: Detected architecture x86-64.

Welcome to [1mUbuntu 16.04.7 LTS[0m!

[    3.810289] systemd[1]: Set hostname to <ubuntu>.
[    3.814630] systemd[1]: Initializing machine ID from random generator.
[    3.816312] systemd[1]: Installed transient /etc/machine-id file.
[    3.926445] systemd[1]: Listening on Journal Socket.
[[0;32m  OK  [0m] Listening on Journal Socket.
[    3.927781] systemd[1]: Listening on udev Control Socket.
[[0;32m  OK  [0m] Listening on udev Control Socket.
[    3.929109] systemd[1]: Listening on Syslog Socket.
[[0;32m  OK  [0m] Listening on Syslog Socket.
[    3.937752] systemd[1]: Created slice System Slice.
[[0;32m  OK  [0m] Created slice System Slice.
[    3.961556] systemd[1]: Starting Create list of required static device nodes for the current kernel...
         Starting Create list of required st... nodes for the current kernel...
[    3.963949] systemd[1]: Listening on udev Kernel Socket.
[[0;32m  OK  [0m] Listening on udev Kernel Socket.
[    3.965683] systemd[1]: Listening on LVM2 metadata daemon socket.
[[0;32m  OK  [0m] Listening on LVM2 metadata daemon socket.
[    3.967499] systemd[1]: Reached target User and Group Name Lookups.
[[0;32m  OK  [0m] Reached target User and Group Name Lookups.
[    3.969382] systemd[1]: Created slice User and Session Slice.
[[0;32m  OK  [0m] Created slice User and Session Slice.
[    3.977491] systemd[1]: Reached target Slices.
[[0;32m  OK  [0m] Reached target Slices.
[    3.978878] systemd[1]: Reached target Swap.
[[0;32m  OK  [0m] Reached target Swap.
[    3.980166] systemd[1]: Started Forward Password Requests to Wall Directory Watch.
[[0;32m  OK  [0m] Started Forward Password Requests to Wall Directory Watch.
[    3.982518] systemd[1]: Listening on /dev/initctl Compatibility Named Pipe.
[[0;32m  OK  [0m] Listening on /dev/initctl Compatibility Named Pipe.
[    3.984528] systemd[1]: Started Trigger resolvconf update for networkd DNS.
[[0;32m  OK  [0m] Started Trigger resolvconf update for networkd DNS.
[    3.986339] systemd[1]: Listening on Device-mapper event daemon FIFOs.
[[0;32m  OK  [0m] Listening on Device-mapper event daemon FIFOs.
[    3.988783] systemd[1]: Starting Uncomplicated firewall...
         Starting Uncomplicated firewall...
[    3.991073] systemd[1]: Mounting Huge Pages File System...
         Mounting Huge Pages File System...
[    3.994206] systemd[1]: Starting Load Kernel Modules...
         Starting Load Kernel Modules...
[    3.995864] systemd[1]: Listening on LVM2 poll daemon socket.
[[0;32m  OK  [0m] Listening on LVM2 poll daemon socket.
[    3.998031] systemd[1]: Listening on Journal Audit Socket.
[[0;32m  OK  [0m] Listening on Journal Audit Socket.
[    4.002495] Loading iSCSI transport class v2.0-870.
[    4.005619] systemd[1]: Set up automount Arbitrary Executable File Formats File System Automount Point.
[[0;32m  OK  [0m] Set up automount Arbitrary Executab...ats File System Automount Point.
[    4.008881] systemd[1]: Mounting POSIX Message Queue File System...
[    4.009885] iscsi: registered transport (tcp)
         Mounting POSIX Message Queue File System...
[    4.010842] systemd[1]: Listening on Journal Socket (/dev/log).
[[0;32m  OK  [0m] Listening on Journal Socket (/dev/log).
[    4.012836] systemd[1]: Starting Journal Service...
         Starting Journal Service...
[    4.014912] systemd[1]: Starting Nameserver information manager...
         Starting Nameserver information manager...
[    4.016960] systemd[1]: Starting Monitoring of LVM2 mirrors, snapshots etc. using dmeventd or progress polling...
         Starting Monitoring of LVM2 mirrors... dmeventd or progress polling...
[    4.020023] systemd[1]: Created slice system-serial\x2dgetty.slice.
[[0;32m  OK  [0m] Created slice system-serial\x2dgetty.slice.
[    4.022393] systemd[1]: Starting Remount Root and Kernel File Systems...
         Starting Remount Root and Kernel File Systems...
[    4.026355] EXT4-fs (sda1): re-mounted. Opts: (null)
[    4.029670] systemd[1]: Reached target Encrypted Volumes.
[[0;32m  OK  [0m] Reached target Encrypted Volumes.
[    4.031357] systemd[1]: Starting Set console keymap...
         Starting Set console keymap...
[    4.033125] systemd[1]: Mounting Debug File System...
         Mounting Debug File System...
[    4.034728] systemd[1]: Reached target System Time Synchronized.
[[0;32m  OK  [0m] Reached target System Time Synchronized.
[    4.038211] systemd[1]: Mounted POSIX Message Queue File System.
[[0;32m  OK  [0m] Mounted POSIX Message Queue File System.
[    4.039738] systemd[1]: Mounted Huge Pages File System.
[[0;32m  OK  [0m] Mounted Huge Pages File System.
[    4.040846] systemd[1]: Mounted Debug File System.
[[0;32m  OK  [0m] Mounted Debug File System.
[    4.049561] systemd[1]: Started Journal Service.
[[0;32m  OK  [0m] Started Journal Service.
[[0;32m  OK  [0m] Started Create list of required sta...ce nodes for the current kernel.
[    4.052340] iscsi: registered transport (iser)
[[0;32m  OK  [0m] Started Uncomplicated firewall.
[[0;32m  OK  [0m] Started Load Kernel Modules.
[[0;32m  OK  [0m] Started Remount Root and Kernel File Systems.
[[0;32m  OK  [0m] Started Nameserver information manager.
[[0;32m  OK  [0m] Started LVM2 metadata daemon.
         Starting udev Coldplug all Devices...
         Starting Load/Save Random Seed...
         Starting Apply Kernel Variables...
         Mounting FUSE Control File System...
         Starting Create Static Device Nodes in /dev...
         Starting Flush Journal to Persistent Storage...
[[0;32m  OK  [0m] Mounted FUSE Control File System.
[[0;32m  OK  [0m] Started Apply Kernel Variables.
[[0;32m  OK  [0m] Started Load/Save Random Seed.
[[0;32m  OK  [0m] Started Flush Journal to Persistent Storage.
[[0;32m  OK  [0m] Started Create Static Device Nodes in /dev.
         Starting udev Kernel Device Manager...
[[0;32m  OK  [0m] Started Set console keymap.
[[0;32m  OK  [0m] Started udev Coldplug all Devices.
[[0;32m  OK  [0m] Started udev Kernel Device Manager.
[[0;32m  OK  [0m] Started Dispatch Password Requests to Console Directory Watch.
[[0;32m  OK  [0m] Started Monitoring of LVM2 mirrors,...ng dmeventd or progress polling.
[[0;32m  OK  [0m] Reached target Local File Systems (Pre).
[[0;32m  OK  [0m] Reached target Local File Systems.
         Starting Tell Plymouth To Write Out Runtime Data...
         Starting Create Volatile Files and Directories...
         Starting Set console font and keymap...
         Starting Commit a transient machine-id on disk...
         Starting Initial cloud-init job (pre-networking)...
         Starting LSB: AppArmor initialization...
[[0;32m  OK  [0m] Started Create Volatile Files and Directories.
[[0;32m  OK  [0m] Started Tell Plymouth To Write Out Runtime Data.
         Starting Update UTMP about System Boot/Shutdown...
[[0;32m  OK  [0m] Started Update UTMP about System Boot/Shutdown.
[[0;32m  OK  [0m] Started Commit a transient machine-id on disk.
[[0;32m  OK  [0m] Found device /dev/ttyS0.
[[0;32m  OK  [0m] Listening on Load/Save RF Kill Switch Status /dev/rfkill Watch.
[[0;32m  OK  [0m] Started Set console font and keymap.
[[0;32m  OK  [0m] Created slice system-getty.slice.
[    4.874669] cloud-init[473]: Cloud-init v. 20.3-2-g371b392c-0ubuntu1~16.04.1 running 'init-local' at Fri, 16 Oct 2020 18:02:47 +0000. Up 4.54 seconds.
[[0;32m  OK  [0m] Started LSB: AppArmor initialization.
         Starting Load AppArmor profiles managed internally by snapd...
[[0;32m  OK  [0m] Started Load AppArmor profiles managed internally by snapd.
[[0;32m  OK  [0m] Started Initial cloud-init job (pre-networking).
[[0;32m  OK  [0m] Reached target Network (Pre).
         Starting Raise network interfaces...
[[0;32m  OK  [0m] Started Raise network interfaces.
[[0;32m  OK  [0m] Reached target Network.
         Starting Initial cloud-init job (metadata service crawler)...
[    5.676895] cloud-init[931]: Cloud-init v. 20.3-2-g371b392c-0ubuntu1~16.04.1 running 'init' at Fri, 16 Oct 2020 18:02:48 +0000. Up 5.27 seconds.
[    5.678010] cloud-init[931]: ci-info: ++++++++++++++++++++++++++++++++++++++Net device info++++++++++++++++++++++++++++++++++++++
[    5.678966] cloud-init[931]: ci-info: +--------+------+----------------------------+---------------+--------+-------------------+
[    5.679871] cloud-init[931]: ci-info: | Device |  Up  |          Address           |      Mask     | Scope  |     Hw-Address    |
[    5.680680] cloud-init[931]: ci-info: +--------+------+----------------------------+---------------+--------+-------------------+
[    5.681811] cloud-init[931]: ci-info: | enp0s3 | True |         10.0.2.15          | 255.255.255.0 | global | 02:e9:98:4f:cb:36 |
[    5.682940] cloud-init[931]: ci-info: | enp0s3 | True | fe80::e9:98ff:fe4f:cb36/64 |       .       |  link  | 02:e9:98:4f:cb:36 |
[    5.684419] cloud-init[931]: ci-info: |   lo   | True |         127.0.0.1          |   255.0.0.0   |  host  |         .         |
[    5.685785] cloud-init[931]: ci-info: |   lo   | True |          ::1/128           |       .       |  host  |         .         |
[    5.686730] cloud-init[931]: ci-info: +--------+------+----------------------------+---------------+--------+-------------------+
[    5.687616] cloud-init[931]: ci-info: +++++++++++++++++++++++++++Route IPv4 info++++++++++++++++++++++++++++
[    5.688434] cloud-init[931]: ci-info: +-------+-------------+----------+---------------+-----------+-------+
[    5.689312] cloud-init[931]: ci-info: | Route | Destination | Gateway  |    Genmask    | Interface | Flags |
[    5.689915] cloud-init[931]: ci-info: +-------+-------------+----------+---------------+-----------+-------+
[    5.690925] cloud-init[931]: ci-info: |   0   |   0.0.0.0   | 10.0.2.2 |    0.0.0.0    |   enp0s3  |   UG  |
[    5.691592] cloud-init[931]: ci-info: |   1   |   10.0.2.0  | 0.0.0.0  | 255.255.255.0 |   enp0s3  |   U   |
[    5.692401] cloud-init[931]: ci-info: +-------+-------------+----------+---------------+-----------+-------+
[    5.692982] cloud-init[931]: ci-info: +++++++++++++++++++Route IPv6 info+++++++++++++++++++
[    5.693890] cloud-init[931]: ci-info: +-------+-------------+---------+-----------+-------+
[    5.694795] cloud-init[931]: ci-info: | Route | Destination | Gateway | Interface | Flags |
[    5.695696] cloud-init[931]: ci-info: +-------+-------------+---------+-----------+-------+
[    5.696635] cloud-init[931]: ci-info: |   0   |  fe80::/64  |    ::   |   enp0s3  |   U   |
[    5.697548] cloud-init[931]: ci-info: |   3   |   ff00::/8  |    ::   |   enp0s3  |   U   |
[    5.698452] cloud-init[931]: ci-info: +-------+-------------+---------+-----------+-------+
[    5.699365] cloud-init[931]: Generating public/private rsa key pair.
[    5.700171] cloud-init[931]: Your identification has been saved in /etc/ssh/ssh_host_rsa_key.
[    5.701129] cloud-init[931]: Your public key has been saved in /etc/ssh/ssh_host_rsa_key.pub.
[    5.702040] cloud-init[[0;32m  OK  [0m] Started Initial cloud-init job (metadata service crawler).
[[0;32m  OK  [0m] Reached target Network is Online.
[931]: The key fingerprint is:
[    5.704503] cloud-init[931]: SHA256:IJeiZN31VAZ4X/fyDZJqkZ/FM73jIuPsmX9Rr+e8UTs root@ubuntu-xenial
[    5.705396] cloud-init[931]: The key's randomart image is:
[    5.706051] cloud-init[931]: +---[RSA 2048]----+
[    5.706651] cloud-init[931]: |        ..ooo    |
[    5.707248] cloud-init[931]: |   . . o.o..  . .|
[    5.707849] cloud-init[931]: |  o + =  ..o + o.|
[    5.708459] cloud-init[931]: | o . + .  o + B +|
[    5.709056] cloud-init[931]: |  .     S  + + **|
[    5.709655] cloud-init[931]: |          o o  +*|
[    5.710255] cloud-init[931]: |         .    .Eo|
[    5.710853] cloud-init[931]: |          .oo..++|
[    5.711452] cloud-init[931]: |          o*+.o++|
[    5.712061] cloud-init[931]: +----[SHA256]-----+
[    5.712659] cloud-init[931]: Generating public/private dsa key pair.
[    5.713369] cloud-init[931]: Your identification has been saved in /etc/ssh/ssh_host_dsa_key.
[    5.714223] cloud-init[931]: Your public key has been saved in /etc/ssh/ssh_host_dsa_key.pub.
[    5.715056] cloud-init[931]: The key fingerprint is:
[    5.715677] cloud-init[931]: SHA256:N1HRmJbKloV12DPT3oJGCtzGXkTXk+Lkts/5qIeMQ+4 root@ubuntu-xenial
[    5.716608] cloud-init[931]: The key's randomart image is:
[    5.717262] cloud-init[931]: +---[DSA 1024]----+
[    5.717859] cloud-init[931]: |       . o =*Ooo.|
[    5.718456] cloud-init[931]: |        o =.X=*oo|
[    5.719050] cloud-init[931]: |         =.O+..=o|
[    5.719651] cloud-init[931]: |          B.o+. o|         Starting iSCSI initiator daemon (iscsid)...
[[0;32m  OK  [0m] Reached target Cloud-config availability.
[[0;32m  OK  [0m] Reached target System Initialization.
[[0;32m  OK  [0m] Started Message of the Day.
[[0;32m  OK  [0m] Started Daily apt download activities.
[[0;32m  OK  [0m] Started Daily apt upgrade and clean activities.
[[0;32m  OK  [0m] Listening on UUID daemon activation socket.

[    5.724151] cloud-init[931]: |        S.o.. .. |         Starting LXD - unix socket.

[    5.725700] cloud-init[[0;32m  OK  [0m] Started ACPI Events Check.
[[0;32m  OK  [0m] Reached target Paths.
[[0;32m  OK  [0m] Listening on ACPID Listen Socket.
         Starting Socket activation for snappy daemon.
[[0;32m  OK  [0m] Started Daily Cleanup of Temporary Directories.
[[0;32m  OK  [0m] Reached target Timers.
[[0;32m  OK  [0m] Listening on D-Bus System Message Bus Socket.
[931]: |         ... .   |
[    5.728783] [cloud-init[0;32m  OK  [0m[931]: ] |         o o .o .|Listening on LXD - unix socket.

[    5.729517] [cloud-init[0;32m  OK  [0m[931]: ] |          + o .= |Listening on Socket activation for snappy daemon.

[    5.730390] cloud-init[931]: |         .E..o. o|
[    5.730889] [[0;32m  OK  [0m] Reached target Sockets.
[[0;32m  OK  [0m] Reached target Basic System.
cloud-init[931]: +----[SHA256]-----+         Starting Accounts Service...

[    5.732248] cloud-init[931]: Generating public/private ecdsa key pair.
[    5.733142] cloud-init[931]: Your identification has been saved in /etc/ssh/ssh_host_ecdsa_key.
[    5.733934] cloud-init[931]: Your public key has been saved in /etc/ssh/ssh_host_ecdsa_key.pub.
[    5.734872] cloud-init[931]: The key fingerprint is:
[    5.735577] cloud-init[931]: SHA256:h401TGd2EVDRyzw5iedjOFIZCKwRWPeVLJQ33Tfq4ak root@ubuntu-xenial
[[0;32m  OK  [0m] Started FUSE filesystem for LXC.
         Starting LSB: MD monitoring daemon...
[    5.741797] cloud-init[931]: The key's randomart image is:
[[0;32m  OK  [0m] Started Regular background program processing daemon.
[    5.744682] cloud-init[931]: +---[ECDSA 256]---+
[    5.746077] cloud-init[931]: |      oooo+.O+O=.|
[    5.749236] [cloud-init[0;32m  OK  [0m[931]: ] |     . ..+.B.B o+|Started Deferred execution scheduler.

[    5.750119] cloud-init[931]: |        o +.o O *|
         Starting Virtualbox guest utils...
[    5.751178]          Starting LSB: Record successful boot for GRUB...
cloud-init         Starting Login Service...
[931]: |       . = . * X |
[    5.753958] cloud-init[931]: |        S o + * o|
[[0;32m  OK  [0m] Started D-Bus System Message Bus.
[    5.759465] cloud-init[931]: |         . . * + |
[    5.761381] cloud-init[931]: |            o o .|
[    5.762229] cloud-init[931]: |           E     |
[    5.762922] cloud-init[931]: |                 |
[    5.763711] cloud-init[931]: +----[SHA256]-----+
[    5.764465] cloud-init[931]: Generating public/private ed25519 key pair.
[    5.765360] cloud-init[931]: Your identification has been saved in /etc/ssh/ssh_host_ed25519_key.
[    5.766134] cloud-init[931]: Your public key has been saved in /etc/ssh/ssh_host_ed25519_key.pub.
[    5.766926] cloud-init[931]: The key fingerprint is:
[    5.772244] cloud-init[931]: SHA256:RB/xkg/ynD0rLnIH8tsVpiZwedXomGHfVmKQwm1G1X0 root@ubuntu-xenial
[    5.773045] cloud-init[931]: The key's randomart image is:
[    5.773821] cloud-init[931]: +--[ED25519 256]--+
[    5.780236] cloud-init[931]: |        ..o+oo...|
[    5.781284] cloud-init[931]: |       . .o+=+  E|
[    5.781887] cloud-init[931]: |        o B++ + o|
[    5.782406] cloud-init[931]: |       . * & o o |
[    5.788191] cloud-init[931]: |      . S B O o  |
[    5.800225] cloud-init[931]: |      .o.. o =   |
         Starting Snap Daemon...
[    5.800319] cloud-init[931]: |       o..+ o    |
[    5.801238] cloud-init[931]: |      . +=.o     |
         Starting Pollinate to seed the pseudo random number generator...
[    5.802244] cloud-init[931]: |       o.+o      |
[    5.803521] cloud-init[931]: +----[SHA256]-----+
         Starting LXD - container startup/shutdown...
         Starting System Logging Service...
[[0;32m  OK  [0m] Started ACPI event daemon.
         Starting /etc/rc.local Compatibility...
[[0;32m  OK  [0m] Started /etc/rc.local Compatibility.
[[0;32m  OK  [0m] Started System Logging Service.
[[0;32m  OK  [0m] Started Login Service.
[[0;32m  OK  [0m] Started Unattended Upgrades Shutdown.
         Starting Authenticate and Authorize Users to Run Privileged Tasks...
[[0;32m  OK  [0m] Started iSCSI initiator daemon (iscsid).
         Starting Login to default iSCSI targets...
[[0;32m  OK  [0m] Started LSB: MD monitoring daemon.
[[0;32m  OK  [0m] Started LSB: Record successful boot for GRUB.
[[0;32m  OK  [0m] Started Login to default iSCSI targets.
[[0;32m  OK  [0m] Reached target Remote File Systems (Pre).
[[0;32m  OK  [0m] Reached target Remote File Systems.
         Starting LSB: daemon to balance interrupts for SMP systems...
         Starting LSB: Set the CPU Frequency Scaling governor to "ondemand"...
         Starting LSB: automatic crash report generation...
         Starting Permit User Sessions...
[[0;32m  OK  [0m] Started Permit User Sessions.
         Starting Hold until boot process finishes up...
         Starting Terminate Plymouth Boot Screen...
[[0;32m  OK  [0m] Started Hold until boot process finishes up.
[[0;32m  OK  [0m] Started Authenticate and Authorize Users to Run Privileged Tasks.
[[0;32m  OK  [0m] Started Serial Getty on ttyS0.
[[0;32m  OK  [0m] Started Getty on tty1.
[[0;32m  OK  [0m] Reached target Login Prompts.
         Starting Set console scheme...
[[0;32m  OK  [0m] Started Terminate Plymouth Boot Screen.
[[0;32m  OK  [0m] Started Accounts Service.
[[0;32m  OK  [0m] Started Set console scheme.
[[0;32m  OK  [0m] Started LSB: Set the CPU Frequency Scaling governor to "ondemand".
[[0;32m  OK  [0m] Started LSB: daemon to balance interrupts for SMP systems.
[[0;32m  OK  [0m] Started LXD - container startup/shutdown.
[[0;32m  OK  [0m] Started Virtualbox guest utils.
[[0;32m  OK  [0m] Started LSB: automatic crash report generation.
[[0;32m  OK  [0m] Started Snap Daemon.
         Starting Wait until snapd is fully seeded...
[[0;32m  OK  [0m] Started Pollinate to seed the pseudo random number generator.
         Starting OpenBSD Secure Shell server...
[[0;32m  OK  [0m] Started OpenBSD Secure Shell server.
[[0;32m  OK  [0m] Started Wait until snapd is fully seeded.
         Starting Apply the settings specified in cloud-config...
[[0;32m  OK  [0m] Reached target Multi-User System.
[[0;32m  OK  [0m] Reached target Graphical Interface.
         Starting Update UTMP about System Runlevel Changes...
[[0;32m  OK  [0m] Started Update UTMP about System Runlevel Changes.
[    6.839457] cloud-init[1286]: Generating locales (this might take a while)...
[    7.311960] cloud-init[1286]:   en_US.UTF-8... done
[    7.312727] cloud-init[1286]: Generation complete.
[    7.521001] cloud-init[1286]: Cloud-init v. 20.3-2-g371b392c-0ubuntu1~16.04.1 running 'modules:config' at Fri, 16 Oct 2020 18:02:49 +0000. Up 6.77 seconds.
[[0;32m  OK  [0m] Started Apply the settings specified in cloud-config.
         Starting Execute cloud user/final scripts...
ci-info: no authorized SSH keys fingerprints found for user ubuntu.
<14>Oct 16 18:02:50 ec2: 
<14>Oct 16 18:02:50 ec2: #############################################################
<14>Oct 16 18:02:50 ec2: -----BEGIN SSH HOST KEY FINGERPRINTS-----
<14>Oct 16 18:02:50 ec2: 1024 SHA256:N1HRmJbKloV12DPT3oJGCtzGXkTXk+Lkts/5qIeMQ+4 root@ubuntu-xenial (DSA)
<14>Oct 16 18:02:50 ec2: 256 SHA256:h401TGd2EVDRyzw5iedjOFIZCKwRWPeVLJQ33Tfq4ak root@ubuntu-xenial (ECDSA)
<14>Oct 16 18:02:50 ec2: 256 SHA256:RB/xkg/ynD0rLnIH8tsVpiZwedXomGHfVmKQwm1G1X0 root@ubuntu-xenial (ED25519)
<14>Oct 16 18:02:50 ec2: 2048 SHA256:IJeiZN31VAZ4X/fyDZJqkZ/FM73jIuPsmX9Rr+e8UTs root@ubuntu-xenial (RSA)
<14>Oct 16 18:02:50 ec2: -----END SSH HOST KEY FINGERPRINTS-----
<14>Oct 16 18:02:50 ec2: #############################################################
-----BEGIN SSH HOST KEY KEYS-----
ecdsa-sha2-nistp256 AAAAE2VjZHNhLXNoYTItbmlzdHAyNTYAAAAIbmlzdHAyNTYAAABBBKs3EN6gmsKmP7Cwwd08KEeNV6WwwTP7LW132cnlvjEHEb6HbAQkrJa0U3UPepiuofDpnFizTpRyCWZiZBKuIXU= root@ubuntu-xenial
ssh-ed25519 AAAAC3NzaC1lZDI1NTE5AAAAIKs1BsQWpiqAzj6NiOqv/EbPqE98EBGha9fQY5bDStXF root@ubuntu-xenial
ssh-rsa AAAAB3NzaC1yc2EAAAADAQABAAABAQDO3u6KPJXwc1HTX/GcGIDdwwnRgjWbItw90Z4+2r7HLkuX1jcQBO/6Z4ZQX6/9LN5mHIOkby+39plB17NOlj2BCxqTwnZC9a5k24xaZmtVtUnZs4vH2C+YkqE/77SAdQFABO+okhXxHF/KWKPl1sQjiTe2he53kaaTb7d7LrU56bZebVFuZaQmfZoOexKjfo8nnSNE2bTrVZ3aiMwKP3r3SkiZvDfwlUn8bq2ORcjlzTu5hxSQYbs3yN04D1YgJMSXy05G5IVIaPOnIdxrA+P03vccsjwA4pf9X/+HYMZ9dNFFRJW78aXbuH7WVWcomAPvRPU9HK3ZU/daZp2tJLSl root@ubuntu-xenial
-----END SSH HOST KEY KEYS-----
[    7.823241] cloud-init[1329]: Cloud-init v. 20.3-2-g371b392c-0ubuntu1~16.04.1 running 'modules:final' at Fri, 16 Oct 2020 18:02:50 +0000. Up 7.73 seconds.
[    7.824354] cloud-init[1329]: ci-info: no authorized SSH keys fingerprints found for user ubuntu.
[    7.825168] cloud-init[1329]: Cloud-init v. 20.3-2-g371b392c-0ubuntu1~16.04.1 finished at Fri, 16 Oct 2020 18:02:50 +0000. Datasource DataSourceNoCloud [seed=/dev/sdb][dsmode=net].  Up 7.81 seconds
[[0;32m  OK  [0m] Started Execute cloud user/final scripts.
[[0;32m  OK  [0m] Reached target Cloud-init target.

Ubuntu 16.04.7 LTS ubuntu-xenial ttyS0

ubuntu-xenial login: 